<?xml version="1.0" encoding="UTF-8"?><testsuite errors="0" failures="0" name="As an User, I want to success login, So that i can see my home page" skipped="0" tests="6" time="119.83" timestamp="2023-06-24 01:06:25"><testcase name="As an user, i want to login with email or password"/><testcase name="As an User, I want to view a course so that im able to take a course"/><testcase name="As an User, I want to take a quiz in the course"/><testcase name="As an User, I want to view my complete course history"/><testcase name="As an User, I want to submit rating for the course"/><testcase name="As an User, I want to download my certificate after complete course"/></testsuite>