<?xml version="1.0" encoding="UTF-8"?>
<testsuite xmlns:xsi="http://www.w3.org/2001/XMLSchema-instance" xsi:schemaLocation="https://maven.apache.org/surefire/maven-surefire-plugin/xsd/surefire-test-report.xsd" name="CucumberTestSuite" time="158.976" tests="43" errors="0" skipped="0" failures="0">
  <properties>
[...]
</properties>
  <testcase name="user click signup page" classname="As an user, I want to register using the correct data" time="16.658"/>
  <testcase name="user input &quot;tessts&quot; on fullname field" classname="As an user, I want to register using the correct data" time="3.844"/>
  <testcase name="user input &quot;tesstss122121&quot; on username field" classname="As an user, I want to register using the correct data" time="1.778"/>
  <testcase name="user input &quot;tesstss13232121@mail.co&quot; on email signup field" classname="As an user, I want to register using the correct data" time="1.763"/>
  <testcase name="user input &quot;User@1234&quot; on password signup field" classname="As an user, I want to register using the correct data" time="2.996"/>
  <testcase name="user input &quot;User@1234&quot; on confirmpassword field" classname="As an user, I want to register using the correct data" time="3.725"/>
  <testcase name="user click sign up button" classname="As an user, I want to register using the correct data" time="3.091"/>
  <testcase name="As an user, I want to register using the correct data" classname="As an user, I want to register using the correct data" time="3.105"/>
  <testcase name="user on the home page" classname="As an user, i want to login with email or password" time="13.353"/>
  <testcase name="user click next button" classname="As an user, i want to login with email or password" time="2.194"/>
  <testcase name="user click login page" classname="As an user, i want to login with email or password" time="1.052"/>
  <testcase name="user input &quot;rizkias1@gmail.com&quot; on email field" classname="As an user, i want to login with email or password" time="3.272"/>
  <testcase name="user input &quot;Rizki@123&quot; on password field" classname="As an user, i want to login with email or password" time="0.941"/>
  <testcase name="user click sign in button" classname="As an user, i want to login with email or password" time="2.666"/>
  <testcase name="As an user, i want to login with email or password" classname="As an user, i want to login with email or password" time="2.719"/>
  <testcase name="user click view all in popular course" classname="As an User, I want to view a course so that im able to take a course" time="14.488"/>
  <testcase name="user click category All" classname="As an User, I want to view a course so that im able to take a course" time="0.957"/>
  <testcase name="user see all the course that want to take" classname="As an User, I want to view a course so that im able to take a course" time="5.159"/>
  <testcase name="As an User, I want to view a course so that im able to take a course" classname="As an User, I want to view a course so that im able to take a course" time="5.181"/>
  <testcase name="user click my course button" classname="As an User, I want to take a quiz in the course" time="12.905"/>
  <testcase name="user click any course" classname="As an User, I want to take a quiz in the course" time="1.256"/>
  <testcase name="user click Take a Quiz" classname="As an User, I want to take a quiz in the course" time="0.658"/>
  <testcase name="user see all the quiz" classname="As an User, I want to take a quiz in the course" time="0.789"/>
  <testcase name="As an User, I want to take a quiz in the course" classname="As an User, I want to take a quiz in the course" time="0.792"/>
  <testcase name="user click my course button" classname="As an User, I want to view my complete course history" time="14.334"/>
  <testcase name="user click complete section" classname="As an User, I want to view my complete course history" time="1.447"/>
  <testcase name="user can see all the complete history" classname="As an User, I want to view my complete course history" time="0.95"/>
  <testcase name="As an User, I want to view my complete course history" classname="As an User, I want to view my complete course history" time="0.974"/>
  <testcase name="user click my course button" classname="As an User, I want to submit rating for the course" time="13.97"/>
  <testcase name="user click complete section" classname="As an User, I want to submit rating for the course" time="1.578"/>
  <testcase name="user click get certificate" classname="As an User, I want to submit rating for the course" time="2.145"/>
  <testcase name="user give 5 star" classname="As an User, I want to submit rating for the course" time="1.402"/>
  <testcase name="user input &quot;good&quot; on review field" classname="As an User, I want to submit rating for the course" time="1.758"/>
  <testcase name="user click on submit button" classname="As an User, I want to submit rating for the course" time="0.561"/>
  <testcase name="As an User, I want to submit rating for the course" classname="As an User, I want to submit rating for the course" time="0.671"/>
  <testcase name="user click my course button" classname="As an User, I want to download my certificate after complete course" time="14.427"/>
  <testcase name="user click complete section" classname="As an User, I want to download my certificate after complete course" time="1.407"/>
  <testcase name="user click get certificate" classname="As an User, I want to download my certificate after complete course" time="2.143"/>
  <testcase name="user give 5 star" classname="As an User, I want to download my certificate after complete course" time="0.935"/>
  <testcase name="user input &quot;nice&quot; on review field" classname="As an User, I want to download my certificate after complete course" time="1.435"/>
  <testcase name="user click on submit button" classname="As an User, I want to download my certificate after complete course" time="0.643"/>
  <testcase name="user click on download button" classname="As an User, I want to download my certificate after complete course" time="0.703"/>
  <testcase name="As an User, I want to download my certificate after complete course" classname="As an User, I want to download my certificate after complete course" time="0.704"/>
</testsuite>