<?xml version="1.0" encoding="UTF-8"?>
<testsuite xmlns:xsi="http://www.w3.org/2001/XMLSchema-instance" xsi:noNamespaceSchemaLocation="https://maven.apache.org/surefire/maven-failsafe-plugin/xsd/failsafe-test-report-3.0.xsd" version="3.0" name="starter.CucumberTestSuite" time="7.914" tests="16" errors="0" skipped="0" failures="1">
  <properties>
[...]
</properties>
  <testcase name="GET - I want to see all customers who enrolled in the course using admin token" classname="As admin I want to see all customers who enrolled in the course" time="2.525">
    <system-out><![CDATA[14:45:49.633 [main] DEBUG net.thucydides.core.guice.Injectors -- Created injector for module net.thucydides.core.guice.ThucydidesModule
14:45:49.778 [main] DEBUG io.cucumber.core.plugin.SerenityReporter -- Running feature from file:///D:/GITHUB/qe-automation/capstone-api/src/test/resources/features/ManageCustomersWhoEnrolled.feature
14:45:49.865 [main] DEBUG net.thucydides.core.guice.Injectors -- Created injector for module net.thucydides.core.guice.webdriver.WebDriverModule
14:45:49.874 [main] INFO  -- 

-------------------------------------------------------------------------------------
     _______. _______ .______       _______ .__   __.  __  .___________.____    ____ 
    /       ||   ____||   _  \     |   ____||  \ |  | |  | |           |\   \  /   / 
   |   (----`|  |__   |  |_)  |    |  |__   |   \|  | |  | `---|  |----` \   \/   /  
    \   \    |   __|  |      /     |   __|  |  . `  | |  |     |  |       \_    _/   
.----)   |   |  |____ |  |\  \----.|  |____ |  |\   | |  |     |  |         |  |     
|_______/    |_______|| _| `._____||_______||__| \__| |__|     |__|         |__|    
                                                                                     
 News and tutorials at http://www.serenity-bdd.info                                  
 Documentation at https://wakaleo.gitbooks.io/the-serenity-book/content/             
 Join the Serenity Community on Gitter: https://gitter.im/serenity-bdd/serenity-core 
 Serenity BDD Support and Training at http://serenity-bdd.info/#/trainingandsupport  
-------------------------------------------------------------------------------------

14:45:49.877 [main] DEBUG net.thucydides.core.steps.StepEventBus -- Test suite started for story net.thucydides.core.model.Story@4f0b73e5
14:45:49.878 [main] INFO  -- Test Suite Started: As admin I want to see all customers who enrolled in the course
14:45:49.889 [main] DEBUG io.cucumber.core.plugin.SerenityReporter -- Running feature from file:///D:/GITHUB/qe-automation/capstone-api/src/test/resources/features/login.feature
14:45:49.893 [main] DEBUG net.thucydides.core.steps.StepEventBus -- Test suite started for story net.thucydides.core.model.Story@ffb08b88
14:45:49.893 [main] INFO  -- Test Suite Started: As user I want to login
14:45:49.893 [main] DEBUG io.cucumber.core.plugin.SerenityReporter -- Running feature from file:///D:/GITHUB/qe-automation/capstone-api/src/test/resources/features/managecourse.feature
14:45:49.897 [main] DEBUG net.thucydides.core.steps.StepEventBus -- Test suite started for story net.thucydides.core.model.Story@cfba58f5
14:45:49.897 [main] INFO  -- Test Suite Started: As admin I want to see all course
14:45:49.897 [main] DEBUG io.cucumber.core.plugin.SerenityReporter -- Running feature from file:///D:/GITHUB/qe-automation/capstone-api/src/test/resources/features/register.feature
14:45:49.900 [main] DEBUG net.thucydides.core.steps.StepEventBus -- Test suite started for story net.thucydides.core.model.Story@c1050949
14:45:49.901 [main] INFO  -- Test Suite Started: As user i want to create account So that i can login and see home page
14:45:49.901 [main] DEBUG io.cucumber.core.plugin.SerenityReporter -- Running feature from file:///D:/GITHUB/qe-automation/capstone-api/src/test/resources/features/ManageCustomersWhoEnrolled.feature
14:45:49.903 [main] DEBUG net.thucydides.core.steps.StepEventBus -- Test suite started for story net.thucydides.core.model.Story@4f0b73e5
14:45:49.903 [main] INFO  -- Test Suite Started: As admin I want to see all customers who enrolled in the course

@ManageCustomers
Scenario: GET - I want to see all customers who enrolled in the course using admin token &amp#27;[90m# src/test/resources/features/ManageCustomersWhoEnrolled.feature:4&amp#27;[0m
14:45:49.964 [main] DEBUG io.cucumber.core.plugin.SerenityReporter -- Running feature from file:///D:/GITHUB/qe-automation/capstone-api/src/test/resources/features/ManageCustomersWhoEnrolled.feature
14:45:50.047 [main] INFO  -- 
  _____   ___   ___   _____     ___   _____     _     ___   _____   ___   ___  
 |_   _| | __| / __| |_   _|   / __| |_   _|   /_\   | _ \ |_   _| | __| |   \ 
   | |   | _|  \__ \   | |     \__ \   | |    / _ \  |   /   | |   | _|  | |) |
   |_|   |___| |___/   |_|     |___/   |_|   /_/ \_\ |_|_\   |_|   |___| |___/ 

GET - I want to see all customers who enrolled in the course using admin token(as-admin-i-want-to-see-all-customers-who-enrolled-in-the-course;get---i-want-to-see-all-customers-who-enrolled-in-the-course-using-admin-token)
--------------------------------------------------------------------------------
14:45:50.078 [main] DEBUG net.thucydides.core.requirements.model.cucumber.CucumberParser -- Loading feature D:\GITHUB\qe-automation\capstone-api\src\test\resources\features\login.feature
14:45:50.090 [main] DEBUG net.thucydides.core.requirements.model.cucumber.CucumberParser -- Loading feature D:\GITHUB\qe-automation\capstone-api\src\test\resources\features\managecourse.feature
14:45:50.094 [main] DEBUG net.thucydides.core.requirements.model.cucumber.CucumberParser -- Loading feature D:\GITHUB\qe-automation\capstone-api\src\test\resources\features\ManageCustomersWhoEnrolled.feature
14:45:50.097 [main] DEBUG net.thucydides.core.requirements.model.cucumber.CucumberParser -- Loading feature D:\GITHUB\qe-automation\capstone-api\src\test\resources\features\register.feature
14:45:50.380 [main] DEBUG net.thucydides.core.steps.StepInterceptor -- STARTING STEP: UserSteps.userSetEndpointForGetCustomersWhoEnrolledInTheCourse - user set endpoint for get customers who enrolled in the course
14:45:50.381 [main] DEBUG net.thucydides.core.steps.StepInterceptor -- STEP DONE: user set endpoint for get customers who enrolled in the course
  &amp#27;[32mGiven &amp#27;[0m&amp#27;[32muser set endpoint for get customers who enrolled in the course&amp#27;[0m                   &amp#27;[90m# starter.stepdefinitions.UserSteps.userSetEndpointForGetCustomersWhoEnrolledInTheCourse()&amp#27;[0m
14:45:50.387 [main] DEBUG net.thucydides.core.steps.StepInterceptor -- STARTING STEP: UserSteps.loginToGetToken - login to get token
14:45:51.679 [main] DEBUG org.apache.http.impl.conn.BasicClientConnectionManager -- Get connection for route {s}->https://skfw.net:443
14:45:51.688 [main] DEBUG org.apache.http.impl.conn.DefaultClientConnectionOperator -- Connecting to skfw.net:443
14:45:51.813 [main] DEBUG org.apache.http.client.protocol.RequestAddCookies -- CookieSpec selected: ignoreCookies
14:45:51.814 [main] DEBUG org.apache.http.client.protocol.RequestAuthCache -- Auth cache not set in the context
14:45:51.814 [main] DEBUG org.apache.http.client.protocol.RequestTargetAuthentication -- Target auth state: UNCHALLENGED
14:45:51.814 [main] DEBUG org.apache.http.client.protocol.RequestProxyAuthentication -- Proxy auth state: UNCHALLENGED
14:45:51.814 [main] DEBUG org.apache.http.impl.client.DefaultHttpClient -- Attempt 1 to execute request
14:45:51.814 [main] DEBUG org.apache.http.impl.conn.DefaultClientConnection -- Sending request: POST /api/v1/users/login HTTP/1.1
14:45:51.815 [main] DEBUG org.apache.http.wire --  >> "POST /api/v1/users/login HTTP/1.1[\r][\n]"
14:45:51.815 [main] DEBUG org.apache.http.wire --  >> "Accept: */*[\r][\n]"
14:45:51.816 [main] DEBUG org.apache.http.wire --  >> "Content-Type: application/json[\r][\n]"
14:45:51.816 [main] DEBUG org.apache.http.wire --  >> "Content-Length: 64[\r][\n]"
14:45:51.816 [main] DEBUG org.apache.http.wire --  >> "Host: skfw.net[\r][\n]"
14:45:51.816 [main] DEBUG org.apache.http.wire --  >> "Connection: Keep-Alive[\r][\n]"
14:45:51.816 [main] DEBUG org.apache.http.wire --  >> "User-Agent: Apache-HttpClient/4.5.13 (Java/11.0.15)[\r][\n]"
14:45:51.816 [main] DEBUG org.apache.http.wire --  >> "Accept-Encoding: gzip,deflate[\r][\n]"
14:45:51.816 [main] DEBUG org.apache.http.wire --  >> "[\r][\n]"
14:45:51.816 [main] DEBUG org.apache.http.headers -- >> POST /api/v1/users/login HTTP/1.1
14:45:51.816 [main] DEBUG org.apache.http.headers -- >> Accept: */*
14:45:51.816 [main] DEBUG org.apache.http.headers -- >> Content-Type: application/json
14:45:51.816 [main] DEBUG org.apache.http.headers -- >> Content-Length: 64
14:45:51.816 [main] DEBUG org.apache.http.headers -- >> Host: skfw.net
14:45:51.816 [main] DEBUG org.apache.http.headers -- >> Connection: Keep-Alive
14:45:51.816 [main] DEBUG org.apache.http.headers -- >> User-Agent: Apache-HttpClient/4.5.13 (Java/11.0.15)
14:45:51.816 [main] DEBUG org.apache.http.headers -- >> Accept-Encoding: gzip,deflate
14:45:51.816 [main] DEBUG org.apache.http.wire --  >> "{"password":"Admin@1234","email":"admin@mail.co","username":"*"}"
14:45:51.910 [main] DEBUG org.apache.http.wire --  << "HTTP/1.1 201 Created[\r][\n]"
14:45:51.911 [main] DEBUG org.apache.http.wire --  << "Server: nginx/1.22.1 (Ubuntu)[\r][\n]"
14:45:51.911 [main] DEBUG org.apache.http.wire --  << "Date: Sat, 24 Jun 2023 07:45:51 GMT[\r][\n]"
14:45:51.911 [main] DEBUG org.apache.http.wire --  << "Content-Type: application/json[\r][\n]"
14:45:51.911 [main] DEBUG org.apache.http.wire --  << "Content-Length: 300[\r][\n]"
14:45:51.911 [main] DEBUG org.apache.http.wire --  << "Connection: keep-alive[\r][\n]"
14:45:51.911 [main] DEBUG org.apache.http.wire --  << "Strict-Transport-Security: max-age=31536000; includeSubdomains[\r][\n]"
14:45:51.911 [main] DEBUG org.apache.http.wire --  << "[\r][\n]"
14:45:51.911 [main] DEBUG org.apache.http.impl.conn.DefaultClientConnection -- Receiving response: HTTP/1.1 201 Created
14:45:51.911 [main] DEBUG org.apache.http.headers -- << HTTP/1.1 201 Created
14:45:51.911 [main] DEBUG org.apache.http.headers -- << Server: nginx/1.22.1 (Ubuntu)
14:45:51.911 [main] DEBUG org.apache.http.headers -- << Date: Sat, 24 Jun 2023 07:45:51 GMT
14:45:51.911 [main] DEBUG org.apache.http.headers -- << Content-Type: application/json
14:45:51.911 [main] DEBUG org.apache.http.headers -- << Content-Length: 300
14:45:51.911 [main] DEBUG org.apache.http.headers -- << Connection: keep-alive
14:45:51.911 [main] DEBUG org.apache.http.headers -- << Strict-Transport-Security: max-age=31536000; includeSubdomains
14:45:51.913 [main] DEBUG org.apache.http.impl.client.DefaultHttpClient -- Connection can be kept alive indefinitely
14:45:51.916 [main] DEBUG io.restassured.internal.RestAssuredHttpBuilder -- Parsing response as: application/json
14:45:51.917 [main] DEBUG io.restassured.internal.RestAssuredHttpBuilder -- Parsed data to instance of: class org.apache.http.conn.EofSensorInputStream
14:45:51.936 [main] DEBUG org.apache.http.wire --  << "{"id":1421799465,"logs":[],"status":"Unknown","message":"login successful","error":false,"data":{"token":"eyJhbGciOiJIUzI1NiIsInR5cCI6IkpXVCJ9.eyJleHAiOjE2ODc2NzkxNTE1ODksImlhdCI6MTY4NzU5Mjc1MTY2MywidWlkIjoiODY5NDc2YWY0Zjk4NDcyZGI3Zjk3YTljZmU1ZGE0NmYifQ.bN8CGXlMwP1OPZuwNamCKNrgxUNaBzHhsqSzyJRZonU"}}"
14:45:51.936 [main] DEBUG org.apache.http.impl.conn.BasicClientConnectionManager -- Releasing connection org.apache.http.impl.conn.ManagedClientConnectionImpl@4f4d05b3
14:45:51.936 [main] DEBUG org.apache.http.impl.conn.BasicClientConnectionManager -- Connection can be kept alive indefinitely
14:45:52.258 [main] DEBUG net.thucydides.core.steps.StepInterceptor -- STEP DONE: login to get token
  &amp#27;[32mAnd &amp#27;[0m&amp#27;[32mlogin to get token&amp#27;[0m                                                                 &amp#27;[90m# starter.stepdefinitions.UserSteps.loginToGetToken()&amp#27;[0m
14:45:52.261 [main] DEBUG net.thucydides.core.steps.StepInterceptor -- STARTING STEP: UserSteps.userSendGETHTTPRequestAndTokenForGetCustomersWhoEnrolledInTheCourse - user send GET HTTP request and token for get customers who enrolled in the course
14:45:52.263 [main] DEBUG net.thucydides.core.steps.StepInterceptor -- STARTING STEP: ManageCustomersWhoEnrolled.userSendGETHTTPRequestAndTokenForGetCustomersWhoEnrolledInTheCourse - user set endpoint for get customers who enrolled in the course
14:45:52.263 [main] DEBUG net.thucydides.core.steps.StepInterceptor -- STEP DONE: user set endpoint for get customers who enrolled in the course
14:45:52.298 [main] DEBUG org.apache.http.impl.conn.BasicClientConnectionManager -- Get connection for route {s}->https://skfw.net:443
14:45:52.298 [main] DEBUG org.apache.http.impl.conn.DefaultClientConnectionOperator -- Connecting to skfw.net:443
14:45:52.344 [main] DEBUG org.apache.http.client.protocol.RequestAddCookies -- CookieSpec selected: ignoreCookies
14:45:52.344 [main] DEBUG org.apache.http.client.protocol.RequestAuthCache -- Auth cache not set in the context
14:45:52.344 [main] DEBUG org.apache.http.client.protocol.RequestProxyAuthentication -- Proxy auth state: UNCHALLENGED
14:45:52.344 [main] DEBUG org.apache.http.impl.client.DefaultHttpClient -- Attempt 1 to execute request
14:45:52.344 [main] DEBUG org.apache.http.impl.conn.DefaultClientConnection -- Sending request: GET /api/v1/admin/who/courses/enrolled?size=100&page=1 HTTP/1.1
14:45:52.344 [main] DEBUG org.apache.http.wire --  >> "GET /api/v1/admin/who/courses/enrolled?size=100&page=1 HTTP/1.1[\r][\n]"
14:45:52.344 [main] DEBUG org.apache.http.wire --  >> "Authorization: Bearer eyJhbGciOiJIUzI1NiIsInR5cCI6IkpXVCJ9.eyJleHAiOjE2ODc2NzkxNTE1ODksImlhdCI6MTY4NzU5Mjc1MTY2MywidWlkIjoiODY5NDc2YWY0Zjk4NDcyZGI3Zjk3YTljZmU1ZGE0NmYifQ.bN8CGXlMwP1OPZuwNamCKNrgxUNaBzHhsqSzyJRZonU[\r][\n]"
14:45:52.345 [main] DEBUG org.apache.http.wire --  >> "Accept: */*[\r][\n]"
14:45:52.345 [main] DEBUG org.apache.http.wire --  >> "Host: skfw.net[\r][\n]"
14:45:52.345 [main] DEBUG org.apache.http.wire --  >> "Connection: Keep-Alive[\r][\n]"
14:45:52.345 [main] DEBUG org.apache.http.wire --  >> "User-Agent: Apache-HttpClient/4.5.13 (Java/11.0.15)[\r][\n]"
14:45:52.345 [main] DEBUG org.apache.http.wire --  >> "Accept-Encoding: gzip,deflate[\r][\n]"
14:45:52.345 [main] DEBUG org.apache.http.wire --  >> "[\r][\n]"
14:45:52.345 [main] DEBUG org.apache.http.headers -- >> GET /api/v1/admin/who/courses/enrolled?size=100&page=1 HTTP/1.1
14:45:52.345 [main] DEBUG org.apache.http.headers -- >> Authorization: Bearer eyJhbGciOiJIUzI1NiIsInR5cCI6IkpXVCJ9.eyJleHAiOjE2ODc2NzkxNTE1ODksImlhdCI6MTY4NzU5Mjc1MTY2MywidWlkIjoiODY5NDc2YWY0Zjk4NDcyZGI3Zjk3YTljZmU1ZGE0NmYifQ.bN8CGXlMwP1OPZuwNamCKNrgxUNaBzHhsqSzyJRZonU
14:45:52.345 [main] DEBUG org.apache.http.headers -- >> Accept: */*
14:45:52.345 [main] DEBUG org.apache.http.headers -- >> Host: skfw.net
14:45:52.345 [main] DEBUG org.apache.http.headers -- >> Connection: Keep-Alive
14:45:52.345 [main] DEBUG org.apache.http.headers -- >> User-Agent: Apache-HttpClient/4.5.13 (Java/11.0.15)
14:45:52.345 [main] DEBUG org.apache.http.headers -- >> Accept-Encoding: gzip,deflate
14:45:52.374 [main] DEBUG org.apache.http.wire --  << "HTTP/1.1 200 OK[\r][\n]"
14:45:52.374 [main] DEBUG org.apache.http.wire --  << "Server: nginx/1.22.1 (Ubuntu)[\r][\n]"
14:45:52.374 [main] DEBUG org.apache.http.wire --  << "Date: Sat, 24 Jun 2023 07:45:52 GMT[\r][\n]"
14:45:52.374 [main] DEBUG org.apache.http.wire --  << "Content-Type: application/json[\r][\n]"
14:45:52.374 [main] DEBUG org.apache.http.wire --  << "Content-Length: 2909[\r][\n]"
14:45:52.374 [main] DEBUG org.apache.http.wire --  << "Connection: keep-alive[\r][\n]"
14:45:52.374 [main] DEBUG org.apache.http.wire --  << "Strict-Transport-Security: max-age=31536000; includeSubdomains[\r][\n]"
14:45:52.374 [main] DEBUG org.apache.http.wire --  << "[\r][\n]"
14:45:52.374 [main] DEBUG org.apache.http.impl.conn.DefaultClientConnection -- Receiving response: HTTP/1.1 200 OK
14:45:52.374 [main] DEBUG org.apache.http.headers -- << HTTP/1.1 200 OK
14:45:52.374 [main] DEBUG org.apache.http.headers -- << Server: nginx/1.22.1 (Ubuntu)
14:45:52.374 [main] DEBUG org.apache.http.headers -- << Date: Sat, 24 Jun 2023 07:45:52 GMT
14:45:52.374 [main] DEBUG org.apache.http.headers -- << Content-Type: application/json
14:45:52.374 [main] DEBUG org.apache.http.headers -- << Content-Length: 2909
14:45:52.375 [main] DEBUG org.apache.http.headers -- << Connection: keep-alive
14:45:52.375 [main] DEBUG org.apache.http.headers -- << Strict-Transport-Security: max-age=31536000; includeSubdomains
14:45:52.375 [main] DEBUG org.apache.http.impl.client.DefaultHttpClient -- Connection can be kept alive indefinitely
14:45:52.375 [main] DEBUG io.restassured.internal.RestAssuredHttpBuilder -- Parsing response as: application/json
14:45:52.375 [main] DEBUG io.restassured.internal.RestAssuredHttpBuilder -- Parsed data to instance of: class org.apache.http.conn.EofSensorInputStream
14:45:52.377 [main] DEBUG org.apache.http.wire --  << "{"id":1731156652,"logs":[],"status":"OK","message":"successful get who courses enrolled","error":false,"data":[{"id":"943926f30702493d9d06fdb9afdb57c6","name":"Backend With Golang","users":[{"email":"rizkias2@gmail.com","image":"","name":"rizki","phone":"","username":"usernam123"},{"email":"rizkias3@gmail.com","image":"41bf2f8.profile.png","name":"Rizki Andika Setiadi","phone":"+62 877312345","username":"rizkias99"},{"email":"rizkias1@gmail.com","image":"d2818d2.profile.png","name":"Rizki Andika Setiadi","phone":"87881323412","username":"rizkias1"},{"email":"rizkias11@gmail.com","image":"","name":"rizki","phone":"","username":"rizkias11"}]},{"id":"11349b5009444dd585fcdc4ee9fa5ca0","name":"life fourth","users":[{"email":"rizkias3@gmail.com","image":"41bf2f8.profile.png","name":"Rizki Andika Setiadi","phone":"+62 877312345","username":"rizkias99"},{"email":"rizkias1@gmail.com","image":"d2818d2.profile.png","name":"Rizki Andika Setiadi","phone":"87881323412","username":"rizkias1"}]},{"id":"9a215293cf144266873351b0264f6277","name":"Life is Shorts","users":[{"email":"rizkias2@gmail.com","image":"","name":"rizki","phone":"","username":"usernam123"},{"email":"rizkias1@gmail.com","image":"d2818d2.profile.png","name":"Rizki Andika Setiadi","phone":"87881323412","username":"rizkias1"},{"email":"rizkias3@gmail.com","image":"41bf2f8.profile.png","name":"Rizki Andika Setiadi","phone":"+62 877312345","username":"rizkias99"},{"email":"user@mail.co","image":"10248df.profile.png","name":"User1","phone":"0878812312","username":"user"}]},{"id":"f2794d678a564a46af0c333dc94eab26","name":"Automation Test 1","users":[{"email":"rizkias2@gmail.com","image":"","name":"rizki","phone":"","username":"usernam123"}]},{"id":"98faa25ee34a41519247ebbc2e556c58","name":"Quality Assurance","users":[{"email":"rizkias1@gmail.com","image":"d2818d2.profile.png","name":"Rizki Andika Setiadi","phone":"87881323412","username":"rizkias1"},{"email":"rizkias11@gmail.com","image":"","name":"rizki","phone":"","username":"rizkias11"},{"email":"rizkias3@gmail.com","image":"41bf2f8.profile.png","name":"Rizki Andika Setiadi","phone":"+62 877312345","username":"rizkias99"},{"email":"user@mail.co","image":"10248df.profile.png","name":"User1","phone":"0878812312","username":"user"},{"email":"tesrizki@gmail.com","image":"","name":"User Rizki","phone":"","username":"tesrizki1"}]},{"id":"496e2aab72fb4a47849c2f7452c62146","name":"UI Design","users":[{"email":"rizkias4@gmail.com","image":"","name":"Rizki","phone":"","username":"rizkias4"},{"email":"rizkias1@gmail.com","image":"d2818d2.profile.png","name":"Rizki Andika Setiadi","phone":"87881323412","username":"rizkias1"},{"email":"rizkias3@gmail.com","image":"41bf2f8.profile.png","name":"Rizki Andika Setiadi","phone":"+62 877312345","username":"rizkias99"},{"email":"user@mail.co","image":"10248df.profile.png","name":"User1","phone":"0878812312","username":"user"}]}]}"
14:45:52.377 [main] DEBUG org.apache.http.impl.conn.BasicClientConnectionManager -- Releasing connection org.apache.http.impl.conn.ManagedClientConnectionImpl@3c17794e
14:45:52.377 [main] DEBUG org.apache.http.impl.conn.BasicClientConnectionManager -- Connection can be kept alive indefinitely
14:45:52.381 [main] DEBUG net.thucydides.core.steps.StepInterceptor -- STEP DONE: user send GET HTTP request and token for get customers who enrolled in the course
  &amp#27;[32mWhen &amp#27;[0m&amp#27;[32muser send GET HTTP request and token for get customers who enrolled in the course&amp#27;[0m &amp#27;[90m# starter.stepdefinitions.UserSteps.userSendGETHTTPRequestAndTokenForGetCustomersWhoEnrolledInTheCourse()&amp#27;[0m
14:45:52.385 [main] DEBUG net.thucydides.core.steps.StepInterceptor -- STARTING STEP: UserSteps.userSeeStatusCode200 - user see status code 200
14:45:52.399 [main] DEBUG net.thucydides.core.steps.StepInterceptor -- STEP DONE: user see status code 200
  &amp#27;[32mThen &amp#27;[0m&amp#27;[32muser see status code 200&amp#27;[0m                                                          &amp#27;[90m# starter.stepdefinitions.UserSteps.userSeeStatusCode200()&amp#27;[0m
14:45:52.402 [main] DEBUG net.thucydides.core.steps.StepInterceptor -- STARTING STEP: UserSteps.getAllCustomersWhoEnrolledInTheCourseData - get all customers who enrolled in the course data
14:45:52.423 [main] DEBUG net.thucydides.core.steps.StepInterceptor -- STEP DONE: get all customers who enrolled in the course data
  &amp#27;[32mAnd &amp#27;[0m&amp#27;[32mget all customers who enrolled in the course data&amp#27;[0m                                  &amp#27;[90m# starter.stepdefinitions.UserSteps.getAllCustomersWhoEnrolledInTheCourseData()&amp#27;[0m
14:45:52.427 [main] INFO  -- 
  _____   ___   ___   _____     ___     _     ___   ___   ___   ___  
 |_   _| | __| / __| |_   _|   | _ \   /_\   / __| / __| | __| |   \ 
   | |   | _|  \__ \   | |     |  _/  / _ \  \__ \ \__ \ | _|  | |) |
   |_|   |___| |___/   |_|     |_|   /_/ \_\ |___/ |___/ |___| |___/ 

GET - I want to see all customers who enrolled in the course using admin token
----------------------------------------------------------------------
]]></system-out>
  </testcase>
  <testcase name="GET - I want to see all customers who enrolled in the course using normal token" classname="As admin I want to see all customers who enrolled in the course" time="0.255">
    <system-out><![CDATA[
@ManageCustomers
Scenario: GET - I want to see all customers who enrolled in the course using normal token &amp#27;[90m# src/test/resources/features/ManageCustomersWhoEnrolled.feature:11&amp#27;[0m
14:45:52.437 [main] DEBUG io.cucumber.core.plugin.SerenityReporter -- Running feature from file:///D:/GITHUB/qe-automation/capstone-api/src/test/resources/features/ManageCustomersWhoEnrolled.feature
14:45:52.438 [main] INFO  -- 
  _____   ___   ___   _____     ___   _____     _     ___   _____   ___   ___  
 |_   _| | __| / __| |_   _|   / __| |_   _|   /_\   | _ \ |_   _| | __| |   \ 
   | |   | _|  \__ \   | |     \__ \   | |    / _ \  |   /   | |   | _|  | |) |
   |_|   |___| |___/   |_|     |___/   |_|   /_/ \_\ |_|_\   |_|   |___| |___/ 

GET - I want to see all customers who enrolled in the course using normal token(as-admin-i-want-to-see-all-customers-who-enrolled-in-the-course;get---i-want-to-see-all-customers-who-enrolled-in-the-course-using-normal-token)
--------------------------------------------------------------------------------
14:45:52.446 [main] DEBUG net.thucydides.core.steps.StepInterceptor -- STARTING STEP: UserSteps.userSetEndpointForGetCustomersWhoEnrolledInTheCourse - user set endpoint for get customers who enrolled in the course
14:45:52.446 [main] DEBUG net.thucydides.core.steps.StepInterceptor -- STEP DONE: user set endpoint for get customers who enrolled in the course
  &amp#27;[32mGiven &amp#27;[0m&amp#27;[32muser set endpoint for get customers who enrolled in the course&amp#27;[0m                    &amp#27;[90m# starter.stepdefinitions.UserSteps.userSetEndpointForGetCustomersWhoEnrolledInTheCourse()&amp#27;[0m
14:45:52.449 [main] DEBUG net.thucydides.core.steps.StepInterceptor -- STARTING STEP: UserSteps.loginToGetTokenUsingNormalUser - login to get token using normal user
14:45:52.465 [main] DEBUG org.apache.http.impl.conn.BasicClientConnectionManager -- Get connection for route {s}->https://skfw.net:443
14:45:52.465 [main] DEBUG org.apache.http.impl.conn.DefaultClientConnectionOperator -- Connecting to skfw.net:443
14:45:52.504 [main] DEBUG org.apache.http.client.protocol.RequestAddCookies -- CookieSpec selected: ignoreCookies
14:45:52.504 [main] DEBUG org.apache.http.client.protocol.RequestAuthCache -- Auth cache not set in the context
14:45:52.504 [main] DEBUG org.apache.http.client.protocol.RequestTargetAuthentication -- Target auth state: UNCHALLENGED
14:45:52.504 [main] DEBUG org.apache.http.client.protocol.RequestProxyAuthentication -- Proxy auth state: UNCHALLENGED
14:45:52.504 [main] DEBUG org.apache.http.impl.client.DefaultHttpClient -- Attempt 1 to execute request
14:45:52.504 [main] DEBUG org.apache.http.impl.conn.DefaultClientConnection -- Sending request: POST /api/v1/users/login HTTP/1.1
14:45:52.504 [main] DEBUG org.apache.http.wire --  >> "POST /api/v1/users/login HTTP/1.1[\r][\n]"
14:45:52.504 [main] DEBUG org.apache.http.wire --  >> "Accept: */*[\r][\n]"
14:45:52.504 [main] DEBUG org.apache.http.wire --  >> "Content-Type: application/json[\r][\n]"
14:45:52.504 [main] DEBUG org.apache.http.wire --  >> "Content-Length: 75[\r][\n]"
14:45:52.504 [main] DEBUG org.apache.http.wire --  >> "Host: skfw.net[\r][\n]"
14:45:52.504 [main] DEBUG org.apache.http.wire --  >> "Connection: Keep-Alive[\r][\n]"
14:45:52.504 [main] DEBUG org.apache.http.wire --  >> "User-Agent: Apache-HttpClient/4.5.13 (Java/11.0.15)[\r][\n]"
14:45:52.504 [main] DEBUG org.apache.http.wire --  >> "Accept-Encoding: gzip,deflate[\r][\n]"
14:45:52.504 [main] DEBUG org.apache.http.wire --  >> "[\r][\n]"
14:45:52.504 [main] DEBUG org.apache.http.headers -- >> POST /api/v1/users/login HTTP/1.1
14:45:52.504 [main] DEBUG org.apache.http.headers -- >> Accept: */*
14:45:52.504 [main] DEBUG org.apache.http.headers -- >> Content-Type: application/json
14:45:52.504 [main] DEBUG org.apache.http.headers -- >> Content-Length: 75
14:45:52.504 [main] DEBUG org.apache.http.headers -- >> Host: skfw.net
14:45:52.504 [main] DEBUG org.apache.http.headers -- >> Connection: Keep-Alive
14:45:52.504 [main] DEBUG org.apache.http.headers -- >> User-Agent: Apache-HttpClient/4.5.13 (Java/11.0.15)
14:45:52.504 [main] DEBUG org.apache.http.headers -- >> Accept-Encoding: gzip,deflate
14:45:52.504 [main] DEBUG org.apache.http.wire --  >> "{"password":"User@1234","email":"testforqa@mail.co","username":"testforqa"}"
14:45:52.596 [main] DEBUG org.apache.http.wire --  << "HTTP/1.1 201 Created[\r][\n]"
14:45:52.596 [main] DEBUG org.apache.http.wire --  << "Server: nginx/1.22.1 (Ubuntu)[\r][\n]"
14:45:52.596 [main] DEBUG org.apache.http.wire --  << "Date: Sat, 24 Jun 2023 07:45:52 GMT[\r][\n]"
14:45:52.596 [main] DEBUG org.apache.http.wire --  << "Content-Type: application/json[\r][\n]"
14:45:52.596 [main] DEBUG org.apache.http.wire --  << "Content-Length: 300[\r][\n]"
14:45:52.596 [main] DEBUG org.apache.http.wire --  << "Connection: keep-alive[\r][\n]"
14:45:52.596 [main] DEBUG org.apache.http.wire --  << "Strict-Transport-Security: max-age=31536000; includeSubdomains[\r][\n]"
14:45:52.596 [main] DEBUG org.apache.http.wire --  << "[\r][\n]"
14:45:52.596 [main] DEBUG org.apache.http.impl.conn.DefaultClientConnection -- Receiving response: HTTP/1.1 201 Created
14:45:52.596 [main] DEBUG org.apache.http.headers -- << HTTP/1.1 201 Created
14:45:52.596 [main] DEBUG org.apache.http.headers -- << Server: nginx/1.22.1 (Ubuntu)
14:45:52.596 [main] DEBUG org.apache.http.headers -- << Date: Sat, 24 Jun 2023 07:45:52 GMT
14:45:52.596 [main] DEBUG org.apache.http.headers -- << Content-Type: application/json
14:45:52.596 [main] DEBUG org.apache.http.headers -- << Content-Length: 300
14:45:52.596 [main] DEBUG org.apache.http.headers -- << Connection: keep-alive
14:45:52.596 [main] DEBUG org.apache.http.headers -- << Strict-Transport-Security: max-age=31536000; includeSubdomains
14:45:52.597 [main] DEBUG org.apache.http.impl.client.DefaultHttpClient -- Connection can be kept alive indefinitely
14:45:52.597 [main] DEBUG io.restassured.internal.RestAssuredHttpBuilder -- Parsing response as: application/json
14:45:52.597 [main] DEBUG io.restassured.internal.RestAssuredHttpBuilder -- Parsed data to instance of: class org.apache.http.conn.EofSensorInputStream
14:45:52.598 [main] DEBUG org.apache.http.wire --  << "{"id":1845704518,"logs":[],"status":"Unknown","message":"login successful","error":false,"data":{"token":"eyJhbGciOiJIUzI1NiIsInR5cCI6IkpXVCJ9.eyJleHAiOjE2ODc2NzkxNTIyNzcsImlhdCI6MTY4NzU5Mjc1MjM1MCwidWlkIjoiMDNlZjVmOWRlMTRhNDdmZjg5YmVlODc3OGE5NWZlMDIifQ.NLFdsH3m90gVT2vWDkp-2VGgVq6XCIvmxHzveN9yY0U"}}"
14:45:52.598 [main] DEBUG org.apache.http.impl.conn.BasicClientConnectionManager -- Releasing connection org.apache.http.impl.conn.ManagedClientConnectionImpl@126f2eb8
14:45:52.598 [main] DEBUG org.apache.http.impl.conn.BasicClientConnectionManager -- Connection can be kept alive indefinitely
14:45:52.607 [main] DEBUG net.thucydides.core.steps.StepInterceptor -- STEP DONE: login to get token using normal user
  &amp#27;[32mAnd &amp#27;[0m&amp#27;[32mlogin to get token using normal user&amp#27;[0m                                                &amp#27;[90m# starter.stepdefinitions.UserSteps.loginToGetTokenUsingNormalUser()&amp#27;[0m
14:45:52.609 [main] DEBUG net.thucydides.core.steps.StepInterceptor -- STARTING STEP: UserSteps.sendGETHTTPRequestAndTokenUserForGetCustomersWhoEnrolledInTheCourse - send GET HTTP request and token user for get customers who enrolled in the course
14:45:52.610 [main] DEBUG net.thucydides.core.steps.StepInterceptor -- STARTING STEP: ManageCustomersWhoEnrolled.sendGETHTTPRequestAndTokenUserForGetCustomersWhoEnrolledInTheCourse - user set endpoint for get customers who enrolled in the course
14:45:52.610 [main] DEBUG net.thucydides.core.steps.StepInterceptor -- STEP DONE: user set endpoint for get customers who enrolled in the course
14:45:52.620 [main] DEBUG org.apache.http.impl.conn.BasicClientConnectionManager -- Get connection for route {s}->https://skfw.net:443
14:45:52.621 [main] DEBUG org.apache.http.impl.conn.DefaultClientConnectionOperator -- Connecting to skfw.net:443
14:45:52.658 [main] DEBUG org.apache.http.client.protocol.RequestAddCookies -- CookieSpec selected: ignoreCookies
14:45:52.658 [main] DEBUG org.apache.http.client.protocol.RequestAuthCache -- Auth cache not set in the context
14:45:52.658 [main] DEBUG org.apache.http.client.protocol.RequestProxyAuthentication -- Proxy auth state: UNCHALLENGED
14:45:52.658 [main] DEBUG org.apache.http.impl.client.DefaultHttpClient -- Attempt 1 to execute request
14:45:52.658 [main] DEBUG org.apache.http.impl.conn.DefaultClientConnection -- Sending request: GET /api/v1/admin/who/courses/enrolled?size=100&page=1 HTTP/1.1
14:45:52.658 [main] DEBUG org.apache.http.wire --  >> "GET /api/v1/admin/who/courses/enrolled?size=100&page=1 HTTP/1.1[\r][\n]"
14:45:52.658 [main] DEBUG org.apache.http.wire --  >> "Authorization: Bearer eyJhbGciOiJIUzI1NiIsInR5cCI6IkpXVCJ9.eyJleHAiOjE2ODc2NzkxNTIyNzcsImlhdCI6MTY4NzU5Mjc1MjM1MCwidWlkIjoiMDNlZjVmOWRlMTRhNDdmZjg5YmVlODc3OGE5NWZlMDIifQ.NLFdsH3m90gVT2vWDkp-2VGgVq6XCIvmxHzveN9yY0U[\r][\n]"
14:45:52.659 [main] DEBUG org.apache.http.wire --  >> "Accept: */*[\r][\n]"
14:45:52.659 [main] DEBUG org.apache.http.wire --  >> "Host: skfw.net[\r][\n]"
14:45:52.659 [main] DEBUG org.apache.http.wire --  >> "Connection: Keep-Alive[\r][\n]"
14:45:52.659 [main] DEBUG org.apache.http.wire --  >> "User-Agent: Apache-HttpClient/4.5.13 (Java/11.0.15)[\r][\n]"
14:45:52.659 [main] DEBUG org.apache.http.wire --  >> "Accept-Encoding: gzip,deflate[\r][\n]"
14:45:52.659 [main] DEBUG org.apache.http.wire --  >> "[\r][\n]"
14:45:52.659 [main] DEBUG org.apache.http.headers -- >> GET /api/v1/admin/who/courses/enrolled?size=100&page=1 HTTP/1.1
14:45:52.659 [main] DEBUG org.apache.http.headers -- >> Authorization: Bearer eyJhbGciOiJIUzI1NiIsInR5cCI6IkpXVCJ9.eyJleHAiOjE2ODc2NzkxNTIyNzcsImlhdCI6MTY4NzU5Mjc1MjM1MCwidWlkIjoiMDNlZjVmOWRlMTRhNDdmZjg5YmVlODc3OGE5NWZlMDIifQ.NLFdsH3m90gVT2vWDkp-2VGgVq6XCIvmxHzveN9yY0U
14:45:52.659 [main] DEBUG org.apache.http.headers -- >> Accept: */*
14:45:52.659 [main] DEBUG org.apache.http.headers -- >> Host: skfw.net
14:45:52.659 [main] DEBUG org.apache.http.headers -- >> Connection: Keep-Alive
14:45:52.659 [main] DEBUG org.apache.http.headers -- >> User-Agent: Apache-HttpClient/4.5.13 (Java/11.0.15)
14:45:52.659 [main] DEBUG org.apache.http.headers -- >> Accept-Encoding: gzip,deflate
14:45:52.677 [main] DEBUG org.apache.http.wire --  << "HTTP/1.1 401 Unauthorized[\r][\n]"
14:45:52.677 [main] DEBUG org.apache.http.wire --  << "Server: nginx/1.22.1 (Ubuntu)[\r][\n]"
14:45:52.677 [main] DEBUG org.apache.http.wire --  << "Date: Sat, 24 Jun 2023 07:45:52 GMT[\r][\n]"
14:45:52.677 [main] DEBUG org.apache.http.wire --  << "Content-Type: application/json[\r][\n]"
14:45:52.677 [main] DEBUG org.apache.http.wire --  << "Content-Length: 103[\r][\n]"
14:45:52.677 [main] DEBUG org.apache.http.wire --  << "Connection: keep-alive[\r][\n]"
14:45:52.678 [main] DEBUG org.apache.http.wire --  << "[\r][\n]"
14:45:52.678 [main] DEBUG org.apache.http.impl.conn.DefaultClientConnection -- Receiving response: HTTP/1.1 401 Unauthorized
14:45:52.678 [main] DEBUG org.apache.http.headers -- << HTTP/1.1 401 Unauthorized
14:45:52.678 [main] DEBUG org.apache.http.headers -- << Server: nginx/1.22.1 (Ubuntu)
14:45:52.678 [main] DEBUG org.apache.http.headers -- << Date: Sat, 24 Jun 2023 07:45:52 GMT
14:45:52.678 [main] DEBUG org.apache.http.headers -- << Content-Type: application/json
14:45:52.678 [main] DEBUG org.apache.http.headers -- << Content-Length: 103
14:45:52.678 [main] DEBUG org.apache.http.headers -- << Connection: keep-alive
14:45:52.678 [main] DEBUG org.apache.http.impl.client.DefaultHttpClient -- Connection can be kept alive indefinitely
14:45:52.678 [main] DEBUG org.apache.http.impl.client.DefaultHttpClient -- Authentication required
14:45:52.678 [main] DEBUG org.apache.http.impl.client.DefaultHttpClient -- skfw.net:443 requested authentication
14:45:52.678 [main] DEBUG org.apache.http.impl.client.DefaultHttpClient -- Response contains no authentication challenges
14:45:52.678 [main] DEBUG io.restassured.internal.RestAssuredHttpBuilder -- Parsing response as: application/json
14:45:52.678 [main] DEBUG io.restassured.internal.RestAssuredHttpBuilder -- Parsed data to instance of: class org.apache.http.conn.EofSensorInputStream
14:45:52.679 [main] DEBUG org.apache.http.wire --  << "{"id":1137299212,"logs":[],"status":"Unauthorized","message":"Access Denied","error":false,"data":null}"
14:45:52.679 [main] DEBUG org.apache.http.impl.conn.BasicClientConnectionManager -- Releasing connection org.apache.http.impl.conn.ManagedClientConnectionImpl@566cc6af
14:45:52.679 [main] DEBUG org.apache.http.impl.conn.BasicClientConnectionManager -- Connection can be kept alive indefinitely
14:45:52.680 [main] DEBUG net.thucydides.core.steps.StepInterceptor -- STEP DONE: send GET HTTP request and token user for get customers who enrolled in the course
  &amp#27;[32mWhen &amp#27;[0m&amp#27;[32msend GET HTTP request and token user for get customers who enrolled in the course&amp#27;[0m  &amp#27;[90m# starter.stepdefinitions.UserSteps.sendGETHTTPRequestAndTokenUserForGetCustomersWhoEnrolledInTheCourse()&amp#27;[0m
14:45:52.683 [main] DEBUG net.thucydides.core.steps.StepInterceptor -- STARTING STEP: UserSteps.errorStatusCode - error status code {int}
14:45:52.684 [main] DEBUG net.thucydides.core.steps.StepInterceptor -- STEP DONE: error status code {int}
  &amp#27;[32mThen &amp#27;[0m&amp#27;[32merror status code &amp#27;[0m&amp#27;[32m&amp#27;[1m401&amp#27;[0m                                                              &amp#27;[90m# starter.stepdefinitions.UserSteps.errorStatusCode(int)&amp#27;[0m
14:45:52.685 [main] INFO  -- 
  _____   ___   ___   _____     ___     _     ___   ___   ___   ___  
 |_   _| | __| / __| |_   _|   | _ \   /_\   / __| / __| | __| |   \ 
   | |   | _|  \__ \   | |     |  _/  / _ \  \__ \ \__ \ | _|  | |) |
   |_|   |___| |___/   |_|     |_|   /_/ \_\ |___/ |___/ |___| |___/ 

GET - I want to see all customers who enrolled in the course using normal token
----------------------------------------------------------------------
]]></system-out>
  </testcase>
  <testcase name="POST - As a user I success to login with valid data" classname="As user I want to login" time="0.171">
    <system-out><![CDATA[14:45:52.687 [main] DEBUG io.cucumber.core.plugin.SerenityReporter -- Running feature from file:///D:/GITHUB/qe-automation/capstone-api/src/test/resources/features/login.feature
14:45:52.689 [main] DEBUG net.thucydides.core.steps.StepEventBus -- Test suite started for story net.thucydides.core.model.Story@ffb08b88
14:45:52.689 [main] INFO  -- Test Suite Started: As user I want to login

@Login
Scenario: POST - As a user I success to login with valid data &amp#27;[90m# src/test/resources/features/login.feature:4&amp#27;[0m
14:45:52.693 [main] DEBUG io.cucumber.core.plugin.SerenityReporter -- Running feature from file:///D:/GITHUB/qe-automation/capstone-api/src/test/resources/features/login.feature
14:45:52.694 [main] INFO  -- 
  _____   ___   ___   _____     ___   _____     _     ___   _____   ___   ___  
 |_   _| | __| / __| |_   _|   / __| |_   _|   /_\   | _ \ |_   _| | __| |   \ 
   | |   | _|  \__ \   | |     \__ \   | |    / _ \  |   /   | |   | _|  | |) |
   |_|   |___| |___/   |_|     |___/   |_|   /_/ \_\ |_|_\   |_|   |___| |___/ 

POST - As a user I success to login with valid data(as-user-i-want-to-login;post---as-a-user-i-success-to-login-with-valid-data)
--------------------------------------------------------------------------------
14:45:52.703 [main] DEBUG net.thucydides.core.steps.StepInterceptor -- STARTING STEP: UserSteps.userSetEndpointForLogin - user set endpoint for login
14:45:52.704 [main] DEBUG net.thucydides.core.steps.StepInterceptor -- STEP DONE: user set endpoint for login
  &amp#27;[32mGiven &amp#27;[0m&amp#27;[32muser set endpoint for login&amp#27;[0m                           &amp#27;[90m# starter.stepdefinitions.UserSteps.userSetEndpointForLogin()&amp#27;[0m
14:45:52.706 [main] DEBUG net.thucydides.core.steps.StepInterceptor -- STARTING STEP: UserSteps.userSendPOSTHTTPRequestWithValidData - user send POST HTTP request with valid data
14:45:52.707 [main] DEBUG net.thucydides.core.steps.StepInterceptor -- STARTING STEP: Authentication_Login.userSendPOSTHTTPRequestWithValidData - user set endpoint for login
14:45:52.707 [main] DEBUG net.thucydides.core.steps.StepInterceptor -- STEP DONE: user set endpoint for login
14:45:52.719 [main] DEBUG org.apache.http.impl.conn.BasicClientConnectionManager -- Get connection for route {s}->https://skfw.net:443
14:45:52.719 [main] DEBUG org.apache.http.impl.conn.DefaultClientConnectionOperator -- Connecting to skfw.net:443
14:45:52.757 [main] DEBUG org.apache.http.client.protocol.RequestAddCookies -- CookieSpec selected: ignoreCookies
14:45:52.757 [main] DEBUG org.apache.http.client.protocol.RequestAuthCache -- Auth cache not set in the context
14:45:52.757 [main] DEBUG org.apache.http.client.protocol.RequestTargetAuthentication -- Target auth state: UNCHALLENGED
14:45:52.757 [main] DEBUG org.apache.http.client.protocol.RequestProxyAuthentication -- Proxy auth state: UNCHALLENGED
14:45:52.757 [main] DEBUG org.apache.http.impl.client.DefaultHttpClient -- Attempt 1 to execute request
14:45:52.757 [main] DEBUG org.apache.http.impl.conn.DefaultClientConnection -- Sending request: POST /api/v1/users/login HTTP/1.1
14:45:52.757 [main] DEBUG org.apache.http.wire --  >> "POST /api/v1/users/login HTTP/1.1[\r][\n]"
14:45:52.757 [main] DEBUG org.apache.http.wire --  >> "Accept: */*[\r][\n]"
14:45:52.757 [main] DEBUG org.apache.http.wire --  >> "Content-Type: application/json[\r][\n]"
14:45:52.757 [main] DEBUG org.apache.http.wire --  >> "Content-Length: 84[\r][\n]"
14:45:52.757 [main] DEBUG org.apache.http.wire --  >> "Host: skfw.net[\r][\n]"
14:45:52.757 [main] DEBUG org.apache.http.wire --  >> "Connection: Keep-Alive[\r][\n]"
14:45:52.757 [main] DEBUG org.apache.http.wire --  >> "User-Agent: Apache-HttpClient/4.5.13 (Java/11.0.15)[\r][\n]"
14:45:52.757 [main] DEBUG org.apache.http.wire --  >> "Accept-Encoding: gzip,deflate[\r][\n]"
14:45:52.757 [main] DEBUG org.apache.http.wire --  >> "[\r][\n]"
14:45:52.757 [main] DEBUG org.apache.http.headers -- >> POST /api/v1/users/login HTTP/1.1
14:45:52.757 [main] DEBUG org.apache.http.headers -- >> Accept: */*
14:45:52.757 [main] DEBUG org.apache.http.headers -- >> Content-Type: application/json
14:45:52.757 [main] DEBUG org.apache.http.headers -- >> Content-Length: 84
14:45:52.757 [main] DEBUG org.apache.http.headers -- >> Host: skfw.net
14:45:52.757 [main] DEBUG org.apache.http.headers -- >> Connection: Keep-Alive
14:45:52.757 [main] DEBUG org.apache.http.headers -- >> User-Agent: Apache-HttpClient/4.5.13 (Java/11.0.15)
14:45:52.757 [main] DEBUG org.apache.http.headers -- >> Accept-Encoding: gzip,deflate
14:45:52.757 [main] DEBUG org.apache.http.wire --  >> "{"password":"Testing123!@@#","email":"testinggg1@gmail.com","username":"testinggg1"}"
14:45:52.850 [main] DEBUG org.apache.http.wire --  << "HTTP/1.1 201 Created[\r][\n]"
14:45:52.850 [main] DEBUG org.apache.http.wire --  << "Server: nginx/1.22.1 (Ubuntu)[\r][\n]"
14:45:52.850 [main] DEBUG org.apache.http.wire --  << "Date: Sat, 24 Jun 2023 07:45:52 GMT[\r][\n]"
14:45:52.850 [main] DEBUG org.apache.http.wire --  << "Content-Type: application/json[\r][\n]"
14:45:52.850 [main] DEBUG org.apache.http.wire --  << "Content-Length: 300[\r][\n]"
14:45:52.850 [main] DEBUG org.apache.http.wire --  << "Connection: keep-alive[\r][\n]"
14:45:52.850 [main] DEBUG org.apache.http.wire --  << "Strict-Transport-Security: max-age=31536000; includeSubdomains[\r][\n]"
14:45:52.850 [main] DEBUG org.apache.http.wire --  << "[\r][\n]"
14:45:52.850 [main] DEBUG org.apache.http.impl.conn.DefaultClientConnection -- Receiving response: HTTP/1.1 201 Created
14:45:52.851 [main] DEBUG org.apache.http.headers -- << HTTP/1.1 201 Created
14:45:52.851 [main] DEBUG org.apache.http.headers -- << Server: nginx/1.22.1 (Ubuntu)
14:45:52.851 [main] DEBUG org.apache.http.headers -- << Date: Sat, 24 Jun 2023 07:45:52 GMT
14:45:52.851 [main] DEBUG org.apache.http.headers -- << Content-Type: application/json
14:45:52.851 [main] DEBUG org.apache.http.headers -- << Content-Length: 300
14:45:52.851 [main] DEBUG org.apache.http.headers -- << Connection: keep-alive
14:45:52.851 [main] DEBUG org.apache.http.headers -- << Strict-Transport-Security: max-age=31536000; includeSubdomains
14:45:52.851 [main] DEBUG org.apache.http.impl.client.DefaultHttpClient -- Connection can be kept alive indefinitely
14:45:52.851 [main] DEBUG io.restassured.internal.RestAssuredHttpBuilder -- Parsing response as: application/json
14:45:52.851 [main] DEBUG io.restassured.internal.RestAssuredHttpBuilder -- Parsed data to instance of: class org.apache.http.conn.EofSensorInputStream
14:45:52.852 [main] DEBUG org.apache.http.wire --  << "{"id":1772638873,"logs":[],"status":"Unknown","message":"login successful","error":false,"data":{"token":"eyJhbGciOiJIUzI1NiIsInR5cCI6IkpXVCJ9.eyJleHAiOjE2ODc2NzkxNTI1MzAsImlhdCI6MTY4NzU5Mjc1MjYwNCwidWlkIjoiZmU1MDg1ZDg5MjJlNGQ5NmI1ZTliZWY1ODk0OTY1YTYifQ.fKxbz8CJPtSIYSd29f-dIZSm2gt3dYJBs3BBGODv6mw"}}"
14:45:52.852 [main] DEBUG org.apache.http.impl.conn.BasicClientConnectionManager -- Releasing connection org.apache.http.impl.conn.ManagedClientConnectionImpl@735167e1
14:45:52.852 [main] DEBUG org.apache.http.impl.conn.BasicClientConnectionManager -- Connection can be kept alive indefinitely
14:45:52.853 [main] DEBUG net.thucydides.core.steps.StepInterceptor -- STEP DONE: user send POST HTTP request with valid data
  &amp#27;[32mWhen &amp#27;[0m&amp#27;[32muser send POST HTTP request with valid data&amp#27;[0m            &amp#27;[90m# starter.stepdefinitions.UserSteps.userSendPOSTHTTPRequestWithValidData()&amp#27;[0m
14:45:52.855 [main] DEBUG net.thucydides.core.steps.StepInterceptor -- STARTING STEP: UserSteps.userSeeStatusCode - user see status code 201
14:45:52.855 [main] DEBUG net.thucydides.core.steps.StepInterceptor -- STEP DONE: user see status code 201
  &amp#27;[32mThen &amp#27;[0m&amp#27;[32muser see status code 201&amp#27;[0m                               &amp#27;[90m# starter.stepdefinitions.UserSteps.userSeeStatusCode()&amp#27;[0m
14:45:52.857 [main] DEBUG net.thucydides.core.steps.StepInterceptor -- STARTING STEP: UserSteps.getValidData - get valid data
14:45:52.858 [main] DEBUG net.thucydides.core.steps.StepInterceptor -- STEP DONE: get valid data
  &amp#27;[32mAnd &amp#27;[0m&amp#27;[32mget valid data&amp#27;[0m                                          &amp#27;[90m# starter.stepdefinitions.UserSteps.getValidData()&amp#27;[0m
14:45:52.859 [main] INFO  -- 
  _____   ___   ___   _____     ___     _     ___   ___   ___   ___  
 |_   _| | __| / __| |_   _|   | _ \   /_\   / __| / __| | __| |   \ 
   | |   | _|  \__ \   | |     |  _/  / _ \  \__ \ \__ \ | _|  | |) |
   |_|   |___| |___/   |_|     |_|   /_/ \_\ |___/ |___/ |___| |___/ 

POST - As a user I success to login with valid data
----------------------------------------------------------------------
]]></system-out>
  </testcase>
  <testcase name="POST - Verify As a user i want to login with invalid data username" classname="As user I want to login" time="0.094">
    <system-out><![CDATA[
@Login
Scenario: POST - Verify As a user i want to login with invalid data username &amp#27;[90m# src/test/resources/features/login.feature:10&amp#27;[0m
14:45:52.863 [main] DEBUG io.cucumber.core.plugin.SerenityReporter -- Running feature from file:///D:/GITHUB/qe-automation/capstone-api/src/test/resources/features/login.feature
14:45:52.864 [main] INFO  -- 
  _____   ___   ___   _____     ___   _____     _     ___   _____   ___   ___  
 |_   _| | __| / __| |_   _|   / __| |_   _|   /_\   | _ \ |_   _| | __| |   \ 
   | |   | _|  \__ \   | |     \__ \   | |    / _ \  |   /   | |   | _|  | |) |
   |_|   |___| |___/   |_|     |___/   |_|   /_/ \_\ |_|_\   |_|   |___| |___/ 

POST - Verify As a user i want to login with invalid data username(as-user-i-want-to-login;post---verify-as-a-user-i-want-to-login-with-invalid-data-username)
--------------------------------------------------------------------------------
14:45:52.873 [main] DEBUG net.thucydides.core.steps.StepInterceptor -- STARTING STEP: UserSteps.userSetEndpointForLogin - user set endpoint for login
14:45:52.873 [main] DEBUG net.thucydides.core.steps.StepInterceptor -- STEP DONE: user set endpoint for login
  &amp#27;[32mGiven &amp#27;[0m&amp#27;[32muser set endpoint for login&amp#27;[0m                                          &amp#27;[90m# starter.stepdefinitions.UserSteps.userSetEndpointForLogin()&amp#27;[0m
14:45:52.875 [main] DEBUG net.thucydides.core.steps.StepInterceptor -- STARTING STEP: UserSteps.userSendPOSTHTTPRequestWithInvalidDataUsername - user send POST HTTP request with invalid data username
14:45:52.876 [main] DEBUG net.thucydides.core.steps.StepInterceptor -- STARTING STEP: Authentication_Login.userSendPOSTHTTPRequestWithInvalidDataUsername - user set endpoint for login
14:45:52.876 [main] DEBUG net.thucydides.core.steps.StepInterceptor -- STEP DONE: user set endpoint for login
14:45:52.886 [main] DEBUG org.apache.http.impl.conn.BasicClientConnectionManager -- Get connection for route {s}->https://skfw.net:443
14:45:52.886 [main] DEBUG org.apache.http.impl.conn.DefaultClientConnectionOperator -- Connecting to skfw.net:443
14:45:52.924 [main] DEBUG org.apache.http.client.protocol.RequestAddCookies -- CookieSpec selected: ignoreCookies
14:45:52.924 [main] DEBUG org.apache.http.client.protocol.RequestAuthCache -- Auth cache not set in the context
14:45:52.924 [main] DEBUG org.apache.http.client.protocol.RequestTargetAuthentication -- Target auth state: UNCHALLENGED
14:45:52.924 [main] DEBUG org.apache.http.client.protocol.RequestProxyAuthentication -- Proxy auth state: UNCHALLENGED
14:45:52.924 [main] DEBUG org.apache.http.impl.client.DefaultHttpClient -- Attempt 1 to execute request
14:45:52.924 [main] DEBUG org.apache.http.impl.conn.DefaultClientConnection -- Sending request: POST /api/v1/users/login HTTP/1.1
14:45:52.924 [main] DEBUG org.apache.http.wire --  >> "POST /api/v1/users/login HTTP/1.1[\r][\n]"
14:45:52.924 [main] DEBUG org.apache.http.wire --  >> "Accept: */*[\r][\n]"
14:45:52.924 [main] DEBUG org.apache.http.wire --  >> "Content-Type: application/json[\r][\n]"
14:45:52.924 [main] DEBUG org.apache.http.wire --  >> "Content-Length: 95[\r][\n]"
14:45:52.924 [main] DEBUG org.apache.http.wire --  >> "Host: skfw.net[\r][\n]"
14:45:52.924 [main] DEBUG org.apache.http.wire --  >> "Connection: Keep-Alive[\r][\n]"
14:45:52.924 [main] DEBUG org.apache.http.wire --  >> "User-Agent: Apache-HttpClient/4.5.13 (Java/11.0.15)[\r][\n]"
14:45:52.924 [main] DEBUG org.apache.http.wire --  >> "Accept-Encoding: gzip,deflate[\r][\n]"
14:45:52.924 [main] DEBUG org.apache.http.wire --  >> "[\r][\n]"
14:45:52.924 [main] DEBUG org.apache.http.headers -- >> POST /api/v1/users/login HTTP/1.1
14:45:52.924 [main] DEBUG org.apache.http.headers -- >> Accept: */*
14:45:52.924 [main] DEBUG org.apache.http.headers -- >> Content-Type: application/json
14:45:52.924 [main] DEBUG org.apache.http.headers -- >> Content-Length: 95
14:45:52.924 [main] DEBUG org.apache.http.headers -- >> Host: skfw.net
14:45:52.924 [main] DEBUG org.apache.http.headers -- >> Connection: Keep-Alive
14:45:52.924 [main] DEBUG org.apache.http.headers -- >> User-Agent: Apache-HttpClient/4.5.13 (Java/11.0.15)
14:45:52.924 [main] DEBUG org.apache.http.headers -- >> Accept-Encoding: gzip,deflate
14:45:52.924 [main] DEBUG org.apache.http.wire --  >> "{"password":"User@1234usertesting","email":"usertesting@mail.co","username":"usertestingsalah"}"
14:45:52.941 [main] DEBUG org.apache.http.wire --  << "HTTP/1.1 401 Unauthorized[\r][\n]"
14:45:52.941 [main] DEBUG org.apache.http.wire --  << "Server: nginx/1.22.1 (Ubuntu)[\r][\n]"
14:45:52.941 [main] DEBUG org.apache.http.wire --  << "Date: Sat, 24 Jun 2023 07:45:52 GMT[\r][\n]"
14:45:52.941 [main] DEBUG org.apache.http.wire --  << "Content-Type: application/json[\r][\n]"
14:45:52.942 [main] DEBUG org.apache.http.wire --  << "Content-Length: 112[\r][\n]"
14:45:52.942 [main] DEBUG org.apache.http.wire --  << "Connection: keep-alive[\r][\n]"
14:45:52.942 [main] DEBUG org.apache.http.wire --  << "[\r][\n]"
14:45:52.942 [main] DEBUG org.apache.http.impl.conn.DefaultClientConnection -- Receiving response: HTTP/1.1 401 Unauthorized
14:45:52.942 [main] DEBUG org.apache.http.headers -- << HTTP/1.1 401 Unauthorized
14:45:52.942 [main] DEBUG org.apache.http.headers -- << Server: nginx/1.22.1 (Ubuntu)
14:45:52.942 [main] DEBUG org.apache.http.headers -- << Date: Sat, 24 Jun 2023 07:45:52 GMT
14:45:52.942 [main] DEBUG org.apache.http.headers -- << Content-Type: application/json
14:45:52.942 [main] DEBUG org.apache.http.headers -- << Content-Length: 112
14:45:52.942 [main] DEBUG org.apache.http.headers -- << Connection: keep-alive
14:45:52.942 [main] DEBUG org.apache.http.impl.client.DefaultHttpClient -- Connection can be kept alive indefinitely
14:45:52.942 [main] DEBUG org.apache.http.impl.client.DefaultHttpClient -- Authentication required
14:45:52.942 [main] DEBUG org.apache.http.impl.client.DefaultHttpClient -- skfw.net:443 requested authentication
14:45:52.942 [main] DEBUG org.apache.http.impl.client.DefaultHttpClient -- Response contains no authentication challenges
14:45:52.942 [main] DEBUG io.restassured.internal.RestAssuredHttpBuilder -- Parsing response as: application/json
14:45:52.942 [main] DEBUG io.restassured.internal.RestAssuredHttpBuilder -- Parsed data to instance of: class org.apache.http.conn.EofSensorInputStream
14:45:52.943 [main] DEBUG org.apache.http.wire --  << "{"id":1202343112,"logs":[],"status":"Unknown","message":"username, or email not found","error":true,"data":null}"
14:45:52.943 [main] DEBUG org.apache.http.impl.conn.BasicClientConnectionManager -- Releasing connection org.apache.http.impl.conn.ManagedClientConnectionImpl@77307b51
14:45:52.943 [main] DEBUG org.apache.http.impl.conn.BasicClientConnectionManager -- Connection can be kept alive indefinitely
14:45:52.944 [main] DEBUG net.thucydides.core.steps.StepInterceptor -- STEP DONE: user send POST HTTP request with invalid data username
  &amp#27;[32mWhen &amp#27;[0m&amp#27;[32muser send POST HTTP request with invalid data username&amp#27;[0m                &amp#27;[90m# starter.stepdefinitions.UserSteps.userSendPOSTHTTPRequestWithInvalidDataUsername()&amp#27;[0m
14:45:52.946 [main] DEBUG net.thucydides.core.steps.StepInterceptor -- STARTING STEP: UserSteps.userSeeStatusCode401 - user see status code 401
14:45:52.947 [main] DEBUG net.thucydides.core.steps.StepInterceptor -- STEP DONE: user see status code 401
  &amp#27;[32mThen &amp#27;[0m&amp#27;[32muser see status code 401&amp#27;[0m                                              &amp#27;[90m# starter.stepdefinitions.UserSteps.userSeeStatusCode401()&amp#27;[0m
14:45:52.950 [main] DEBUG net.thucydides.core.steps.StepInterceptor -- STARTING STEP: UserSteps.userGetErrorMessage - user get error message {string}
14:45:52.952 [main] DEBUG net.thucydides.core.steps.StepInterceptor -- STEP DONE: user get error message {string}
  &amp#27;[32mAnd &amp#27;[0m&amp#27;[32muser get error message &amp#27;[0m&amp#27;[32m&amp#27;[1m"username, or email not found"&amp#27;[0m                  &amp#27;[90m# starter.stepdefinitions.UserSteps.userGetErrorMessage(java.lang.String)&amp#27;[0m
14:45:52.953 [main] INFO  -- 
  _____   ___   ___   _____     ___     _     ___   ___   ___   ___  
 |_   _| | __| / __| |_   _|   | _ \   /_\   / __| / __| | __| |   \ 
   | |   | _|  \__ \   | |     |  _/  / _ \  \__ \ \__ \ | _|  | |) |
   |_|   |___| |___/   |_|     |_|   /_/ \_\ |___/ |___/ |___| |___/ 

POST - Verify As a user i want to login with invalid data username
----------------------------------------------------------------------
]]></system-out>
  </testcase>
  <testcase name="POST - Verify As a user i want to login with invalid data email" classname="As user I want to login" time="0.091">
    <system-out><![CDATA[
@Login
Scenario: POST - Verify As a user i want to login with invalid data email &amp#27;[90m# src/test/resources/features/login.feature:16&amp#27;[0m
14:45:52.958 [main] DEBUG io.cucumber.core.plugin.SerenityReporter -- Running feature from file:///D:/GITHUB/qe-automation/capstone-api/src/test/resources/features/login.feature
14:45:52.959 [main] INFO  -- 
  _____   ___   ___   _____     ___   _____     _     ___   _____   ___   ___  
 |_   _| | __| / __| |_   _|   / __| |_   _|   /_\   | _ \ |_   _| | __| |   \ 
   | |   | _|  \__ \   | |     \__ \   | |    / _ \  |   /   | |   | _|  | |) |
   |_|   |___| |___/   |_|     |___/   |_|   /_/ \_\ |_|_\   |_|   |___| |___/ 

POST - Verify As a user i want to login with invalid data email(as-user-i-want-to-login;post---verify-as-a-user-i-want-to-login-with-invalid-data-email)
--------------------------------------------------------------------------------
14:45:52.968 [main] DEBUG net.thucydides.core.steps.StepInterceptor -- STARTING STEP: UserSteps.userSetEndpointForLogin - user set endpoint for login
14:45:52.968 [main] DEBUG net.thucydides.core.steps.StepInterceptor -- STEP DONE: user set endpoint for login
  &amp#27;[32mGiven &amp#27;[0m&amp#27;[32muser set endpoint for login&amp#27;[0m                                       &amp#27;[90m# starter.stepdefinitions.UserSteps.userSetEndpointForLogin()&amp#27;[0m
14:45:52.971 [main] DEBUG net.thucydides.core.steps.StepInterceptor -- STARTING STEP: UserSteps.userSendPOSTHTTPRequestWithInvalidDataEmail - user send POST HTTP request with invalid data email
14:45:52.973 [main] DEBUG net.thucydides.core.steps.StepInterceptor -- STARTING STEP: Authentication_Login.userSendPOSTHTTPRequestWithInvalidDataEmail - user set endpoint for login
14:45:52.973 [main] DEBUG net.thucydides.core.steps.StepInterceptor -- STEP DONE: user set endpoint for login
14:45:52.981 [main] DEBUG org.apache.http.impl.conn.BasicClientConnectionManager -- Get connection for route {s}->https://skfw.net:443
14:45:52.981 [main] DEBUG org.apache.http.impl.conn.DefaultClientConnectionOperator -- Connecting to skfw.net:443
14:45:53.019 [main] DEBUG org.apache.http.client.protocol.RequestAddCookies -- CookieSpec selected: ignoreCookies
14:45:53.019 [main] DEBUG org.apache.http.client.protocol.RequestAuthCache -- Auth cache not set in the context
14:45:53.019 [main] DEBUG org.apache.http.client.protocol.RequestTargetAuthentication -- Target auth state: UNCHALLENGED
14:45:53.019 [main] DEBUG org.apache.http.client.protocol.RequestProxyAuthentication -- Proxy auth state: UNCHALLENGED
14:45:53.019 [main] DEBUG org.apache.http.impl.client.DefaultHttpClient -- Attempt 1 to execute request
14:45:53.019 [main] DEBUG org.apache.http.impl.conn.DefaultClientConnection -- Sending request: POST /api/v1/users/login HTTP/1.1
14:45:53.019 [main] DEBUG org.apache.http.wire --  >> "POST /api/v1/users/login HTTP/1.1[\r][\n]"
14:45:53.019 [main] DEBUG org.apache.http.wire --  >> "Accept: */*[\r][\n]"
14:45:53.019 [main] DEBUG org.apache.http.wire --  >> "Content-Type: application/json[\r][\n]"
14:45:53.019 [main] DEBUG org.apache.http.wire --  >> "Content-Length: 94[\r][\n]"
14:45:53.019 [main] DEBUG org.apache.http.wire --  >> "Host: skfw.net[\r][\n]"
14:45:53.019 [main] DEBUG org.apache.http.wire --  >> "Connection: Keep-Alive[\r][\n]"
14:45:53.019 [main] DEBUG org.apache.http.wire --  >> "User-Agent: Apache-HttpClient/4.5.13 (Java/11.0.15)[\r][\n]"
14:45:53.019 [main] DEBUG org.apache.http.wire --  >> "Accept-Encoding: gzip,deflate[\r][\n]"
14:45:53.019 [main] DEBUG org.apache.http.wire --  >> "[\r][\n]"
14:45:53.019 [main] DEBUG org.apache.http.headers -- >> POST /api/v1/users/login HTTP/1.1
14:45:53.019 [main] DEBUG org.apache.http.headers -- >> Accept: */*
14:45:53.019 [main] DEBUG org.apache.http.headers -- >> Content-Type: application/json
14:45:53.019 [main] DEBUG org.apache.http.headers -- >> Content-Length: 94
14:45:53.019 [main] DEBUG org.apache.http.headers -- >> Host: skfw.net
14:45:53.019 [main] DEBUG org.apache.http.headers -- >> Connection: Keep-Alive
14:45:53.019 [main] DEBUG org.apache.http.headers -- >> User-Agent: Apache-HttpClient/4.5.13 (Java/11.0.15)
14:45:53.019 [main] DEBUG org.apache.http.headers -- >> Accept-Encoding: gzip,deflate
14:45:53.019 [main] DEBUG org.apache.http.wire --  >> "{"password":"User@1234usertesting","email":"usertesting@mail.cooooo","username":"usertesting"}"
14:45:53.036 [main] DEBUG org.apache.http.wire --  << "HTTP/1.1 401 Unauthorized[\r][\n]"
14:45:53.036 [main] DEBUG org.apache.http.wire --  << "Server: nginx/1.22.1 (Ubuntu)[\r][\n]"
14:45:53.036 [main] DEBUG org.apache.http.wire --  << "Date: Sat, 24 Jun 2023 07:45:52 GMT[\r][\n]"
14:45:53.036 [main] DEBUG org.apache.http.wire --  << "Content-Type: application/json[\r][\n]"
14:45:53.036 [main] DEBUG org.apache.http.wire --  << "Content-Length: 112[\r][\n]"
14:45:53.036 [main] DEBUG org.apache.http.wire --  << "Connection: keep-alive[\r][\n]"
14:45:53.036 [main] DEBUG org.apache.http.wire --  << "[\r][\n]"
14:45:53.036 [main] DEBUG org.apache.http.impl.conn.DefaultClientConnection -- Receiving response: HTTP/1.1 401 Unauthorized
14:45:53.036 [main] DEBUG org.apache.http.headers -- << HTTP/1.1 401 Unauthorized
14:45:53.036 [main] DEBUG org.apache.http.headers -- << Server: nginx/1.22.1 (Ubuntu)
14:45:53.036 [main] DEBUG org.apache.http.headers -- << Date: Sat, 24 Jun 2023 07:45:52 GMT
14:45:53.036 [main] DEBUG org.apache.http.headers -- << Content-Type: application/json
14:45:53.036 [main] DEBUG org.apache.http.headers -- << Content-Length: 112
14:45:53.036 [main] DEBUG org.apache.http.headers -- << Connection: keep-alive
14:45:53.037 [main] DEBUG org.apache.http.impl.client.DefaultHttpClient -- Connection can be kept alive indefinitely
14:45:53.037 [main] DEBUG org.apache.http.impl.client.DefaultHttpClient -- Authentication required
14:45:53.037 [main] DEBUG org.apache.http.impl.client.DefaultHttpClient -- skfw.net:443 requested authentication
14:45:53.037 [main] DEBUG org.apache.http.impl.client.DefaultHttpClient -- Response contains no authentication challenges
14:45:53.037 [main] DEBUG io.restassured.internal.RestAssuredHttpBuilder -- Parsing response as: application/json
14:45:53.037 [main] DEBUG io.restassured.internal.RestAssuredHttpBuilder -- Parsed data to instance of: class org.apache.http.conn.EofSensorInputStream
14:45:53.038 [main] DEBUG org.apache.http.wire --  << "{"id":1637979873,"logs":[],"status":"Unknown","message":"username, or email not found","error":true,"data":null}"
14:45:53.038 [main] DEBUG org.apache.http.impl.conn.BasicClientConnectionManager -- Releasing connection org.apache.http.impl.conn.ManagedClientConnectionImpl@71de1091
14:45:53.038 [main] DEBUG org.apache.http.impl.conn.BasicClientConnectionManager -- Connection can be kept alive indefinitely
14:45:53.038 [main] DEBUG net.thucydides.core.steps.StepInterceptor -- STEP DONE: user send POST HTTP request with invalid data email
  &amp#27;[32mWhen &amp#27;[0m&amp#27;[32muser send POST HTTP request with invalid data email&amp#27;[0m                &amp#27;[90m# starter.stepdefinitions.UserSteps.userSendPOSTHTTPRequestWithInvalidDataEmail()&amp#27;[0m
14:45:53.041 [main] DEBUG net.thucydides.core.steps.StepInterceptor -- STARTING STEP: UserSteps.userSeeStatusCode401 - user see status code 401
14:45:53.041 [main] DEBUG net.thucydides.core.steps.StepInterceptor -- STEP DONE: user see status code 401
  &amp#27;[32mThen &amp#27;[0m&amp#27;[32muser see status code 401&amp#27;[0m                                           &amp#27;[90m# starter.stepdefinitions.UserSteps.userSeeStatusCode401()&amp#27;[0m
14:45:53.042 [main] DEBUG net.thucydides.core.steps.StepInterceptor -- STARTING STEP: UserSteps.userGetErrorMessage - user get error message {string}
14:45:53.044 [main] DEBUG net.thucydides.core.steps.StepInterceptor -- STEP DONE: user get error message {string}
  &amp#27;[32mAnd &amp#27;[0m&amp#27;[32muser get error message &amp#27;[0m&amp#27;[32m&amp#27;[1m"username, or email not found"&amp#27;[0m               &amp#27;[90m# starter.stepdefinitions.UserSteps.userGetErrorMessage(java.lang.String)&amp#27;[0m
14:45:53.045 [main] INFO  -- 
  _____   ___   ___   _____     ___     _     ___   ___   ___   ___  
 |_   _| | __| / __| |_   _|   | _ \   /_\   / __| / __| | __| |   \ 
   | |   | _|  \__ \   | |     |  _/  / _ \  \__ \ \__ \ | _|  | |) |
   |_|   |___| |___/   |_|     |_|   /_/ \_\ |___/ |___/ |___| |___/ 

POST - Verify As a user i want to login with invalid data email
----------------------------------------------------------------------
]]></system-out>
  </testcase>
  <testcase name="POST - Verify As a user i want to login with invalid data password" classname="As user I want to login" time="0.157">
    <system-out><![CDATA[
@Login
Scenario: POST - Verify As a user i want to login with invalid data password &amp#27;[90m# src/test/resources/features/login.feature:22&amp#27;[0m
14:45:53.047 [main] DEBUG io.cucumber.core.plugin.SerenityReporter -- Running feature from file:///D:/GITHUB/qe-automation/capstone-api/src/test/resources/features/login.feature
14:45:53.048 [main] INFO  -- 
  _____   ___   ___   _____     ___   _____     _     ___   _____   ___   ___  
 |_   _| | __| / __| |_   _|   / __| |_   _|   /_\   | _ \ |_   _| | __| |   \ 
   | |   | _|  \__ \   | |     \__ \   | |    / _ \  |   /   | |   | _|  | |) |
   |_|   |___| |___/   |_|     |___/   |_|   /_/ \_\ |_|_\   |_|   |___| |___/ 

POST - Verify As a user i want to login with invalid data password(as-user-i-want-to-login;post---verify-as-a-user-i-want-to-login-with-invalid-data-password)
--------------------------------------------------------------------------------
14:45:53.057 [main] DEBUG net.thucydides.core.steps.StepInterceptor -- STARTING STEP: UserSteps.userSetEndpointForLogin - user set endpoint for login
14:45:53.057 [main] DEBUG net.thucydides.core.steps.StepInterceptor -- STEP DONE: user set endpoint for login
  &amp#27;[32mGiven &amp#27;[0m&amp#27;[32muser set endpoint for login&amp#27;[0m                                          &amp#27;[90m# starter.stepdefinitions.UserSteps.userSetEndpointForLogin()&amp#27;[0m
14:45:53.060 [main] DEBUG net.thucydides.core.steps.StepInterceptor -- STARTING STEP: UserSteps.userSendPOSTHTTPRequestWithInvalidDataPassword - user send POST HTTP request with invalid data password
14:45:53.062 [main] DEBUG net.thucydides.core.steps.StepInterceptor -- STARTING STEP: Authentication_Login.userSendPOSTHTTPRequestWithInvalidDataPassword - user set endpoint for login
14:45:53.062 [main] DEBUG net.thucydides.core.steps.StepInterceptor -- STEP DONE: user set endpoint for login
14:45:53.070 [main] DEBUG org.apache.http.impl.conn.BasicClientConnectionManager -- Get connection for route {s}->https://skfw.net:443
14:45:53.070 [main] DEBUG org.apache.http.impl.conn.DefaultClientConnectionOperator -- Connecting to skfw.net:443
14:45:53.107 [main] DEBUG org.apache.http.client.protocol.RequestAddCookies -- CookieSpec selected: ignoreCookies
14:45:53.107 [main] DEBUG org.apache.http.client.protocol.RequestAuthCache -- Auth cache not set in the context
14:45:53.107 [main] DEBUG org.apache.http.client.protocol.RequestTargetAuthentication -- Target auth state: UNCHALLENGED
14:45:53.107 [main] DEBUG org.apache.http.client.protocol.RequestProxyAuthentication -- Proxy auth state: UNCHALLENGED
14:45:53.107 [main] DEBUG org.apache.http.impl.client.DefaultHttpClient -- Attempt 1 to execute request
14:45:53.107 [main] DEBUG org.apache.http.impl.conn.DefaultClientConnection -- Sending request: POST /api/v1/users/login HTTP/1.1
14:45:53.107 [main] DEBUG org.apache.http.wire --  >> "POST /api/v1/users/login HTTP/1.1[\r][\n]"
14:45:53.107 [main] DEBUG org.apache.http.wire --  >> "Accept: */*[\r][\n]"
14:45:53.107 [main] DEBUG org.apache.http.wire --  >> "Content-Type: application/json[\r][\n]"
14:45:53.107 [main] DEBUG org.apache.http.wire --  >> "Content-Length: 88[\r][\n]"
14:45:53.107 [main] DEBUG org.apache.http.wire --  >> "Host: skfw.net[\r][\n]"
14:45:53.107 [main] DEBUG org.apache.http.wire --  >> "Connection: Keep-Alive[\r][\n]"
14:45:53.107 [main] DEBUG org.apache.http.wire --  >> "User-Agent: Apache-HttpClient/4.5.13 (Java/11.0.15)[\r][\n]"
14:45:53.107 [main] DEBUG org.apache.http.wire --  >> "Accept-Encoding: gzip,deflate[\r][\n]"
14:45:53.107 [main] DEBUG org.apache.http.wire --  >> "[\r][\n]"
14:45:53.107 [main] DEBUG org.apache.http.headers -- >> POST /api/v1/users/login HTTP/1.1
14:45:53.107 [main] DEBUG org.apache.http.headers -- >> Accept: */*
14:45:53.107 [main] DEBUG org.apache.http.headers -- >> Content-Type: application/json
14:45:53.107 [main] DEBUG org.apache.http.headers -- >> Content-Length: 88
14:45:53.107 [main] DEBUG org.apache.http.headers -- >> Host: skfw.net
14:45:53.107 [main] DEBUG org.apache.http.headers -- >> Connection: Keep-Alive
14:45:53.107 [main] DEBUG org.apache.http.headers -- >> User-Agent: Apache-HttpClient/4.5.13 (Java/11.0.15)
14:45:53.107 [main] DEBUG org.apache.http.headers -- >> Accept-Encoding: gzip,deflate
14:45:53.107 [main] DEBUG org.apache.http.wire --  >> "{"password":"User@1234usertesting1s","email":"usertesting1@mail.co","username":"test11"}"
14:45:53.193 [main] DEBUG org.apache.http.wire --  << "HTTP/1.1 401 Unauthorized[\r][\n]"
14:45:53.194 [main] DEBUG org.apache.http.wire --  << "Server: nginx/1.22.1 (Ubuntu)[\r][\n]"
14:45:53.194 [main] DEBUG org.apache.http.wire --  << "Date: Sat, 24 Jun 2023 07:45:52 GMT[\r][\n]"
14:45:53.194 [main] DEBUG org.apache.http.wire --  << "Content-Type: application/json[\r][\n]"
14:45:53.194 [main] DEBUG org.apache.http.wire --  << "Content-Length: 98[\r][\n]"
14:45:53.194 [main] DEBUG org.apache.http.wire --  << "Connection: keep-alive[\r][\n]"
14:45:53.194 [main] DEBUG org.apache.http.wire --  << "[\r][\n]"
14:45:53.194 [main] DEBUG org.apache.http.impl.conn.DefaultClientConnection -- Receiving response: HTTP/1.1 401 Unauthorized
14:45:53.194 [main] DEBUG org.apache.http.headers -- << HTTP/1.1 401 Unauthorized
14:45:53.194 [main] DEBUG org.apache.http.headers -- << Server: nginx/1.22.1 (Ubuntu)
14:45:53.194 [main] DEBUG org.apache.http.headers -- << Date: Sat, 24 Jun 2023 07:45:52 GMT
14:45:53.194 [main] DEBUG org.apache.http.headers -- << Content-Type: application/json
14:45:53.194 [main] DEBUG org.apache.http.headers -- << Content-Length: 98
14:45:53.194 [main] DEBUG org.apache.http.headers -- << Connection: keep-alive
14:45:53.194 [main] DEBUG org.apache.http.impl.client.DefaultHttpClient -- Connection can be kept alive indefinitely
14:45:53.194 [main] DEBUG org.apache.http.impl.client.DefaultHttpClient -- Authentication required
14:45:53.194 [main] DEBUG org.apache.http.impl.client.DefaultHttpClient -- skfw.net:443 requested authentication
14:45:53.194 [main] DEBUG org.apache.http.impl.client.DefaultHttpClient -- Response contains no authentication challenges
14:45:53.194 [main] DEBUG io.restassured.internal.RestAssuredHttpBuilder -- Parsing response as: application/json
14:45:53.194 [main] DEBUG io.restassured.internal.RestAssuredHttpBuilder -- Parsed data to instance of: class org.apache.http.conn.EofSensorInputStream
14:45:53.196 [main] DEBUG org.apache.http.wire --  << "{"id":1419515794,"logs":[],"status":"Unknown","message":"wrong password","error":true,"data":null}"
14:45:53.196 [main] DEBUG org.apache.http.impl.conn.BasicClientConnectionManager -- Releasing connection org.apache.http.impl.conn.ManagedClientConnectionImpl@6f95654c
14:45:53.196 [main] DEBUG org.apache.http.impl.conn.BasicClientConnectionManager -- Connection can be kept alive indefinitely
14:45:53.196 [main] DEBUG net.thucydides.core.steps.StepInterceptor -- STEP DONE: user send POST HTTP request with invalid data password
  &amp#27;[32mWhen &amp#27;[0m&amp#27;[32muser send POST HTTP request with invalid data password&amp#27;[0m                &amp#27;[90m# starter.stepdefinitions.UserSteps.userSendPOSTHTTPRequestWithInvalidDataPassword()&amp#27;[0m
14:45:53.198 [main] DEBUG net.thucydides.core.steps.StepInterceptor -- STARTING STEP: UserSteps.userSeeStatusCode401 - user see status code 401
14:45:53.198 [main] DEBUG net.thucydides.core.steps.StepInterceptor -- STEP DONE: user see status code 401
  &amp#27;[32mThen &amp#27;[0m&amp#27;[32muser see status code 401&amp#27;[0m                                              &amp#27;[90m# starter.stepdefinitions.UserSteps.userSeeStatusCode401()&amp#27;[0m
14:45:53.200 [main] DEBUG net.thucydides.core.steps.StepInterceptor -- STARTING STEP: UserSteps.userGetErrorMessage - user get error message {string}
14:45:53.201 [main] DEBUG net.thucydides.core.steps.StepInterceptor -- STEP DONE: user get error message {string}
  &amp#27;[32mAnd &amp#27;[0m&amp#27;[32muser get error message &amp#27;[0m&amp#27;[32m&amp#27;[1m"username, or email not found"&amp#27;[0m                  &amp#27;[90m# starter.stepdefinitions.UserSteps.userGetErrorMessage(java.lang.String)&amp#27;[0m
14:45:53.201 [main] INFO  -- 
  _____   ___   ___   _____     ___     _     ___   ___   ___   ___  
 |_   _| | __| / __| |_   _|   | _ \   /_\   / __| / __| | __| |   \ 
   | |   | _|  \__ \   | |     |  _/  / _ \  \__ \ \__ \ | _|  | |) |
   |_|   |___| |___/   |_|     |_|   /_/ \_\ |___/ |___/ |___| |___/ 

POST - Verify As a user i want to login with invalid data password
----------------------------------------------------------------------
]]></system-out>
  </testcase>
  <testcase name="GET - As a admin I want to see all course" classname="As admin I want to see all course" time="0.277">
    <system-out><![CDATA[14:45:53.202 [main] DEBUG io.cucumber.core.plugin.SerenityReporter -- Running feature from file:///D:/GITHUB/qe-automation/capstone-api/src/test/resources/features/managecourse.feature
14:45:53.203 [main] DEBUG net.thucydides.core.steps.StepEventBus -- Test suite started for story net.thucydides.core.model.Story@cfba58f5
14:45:53.203 [main] INFO  -- Test Suite Started: As admin I want to see all course

@ManageCourse
Scenario: GET - As a admin I want to see all course &amp#27;[90m# src/test/resources/features/managecourse.feature:4&amp#27;[0m
14:45:53.206 [main] DEBUG io.cucumber.core.plugin.SerenityReporter -- Running feature from file:///D:/GITHUB/qe-automation/capstone-api/src/test/resources/features/managecourse.feature
14:45:53.207 [main] INFO  -- 
  _____   ___   ___   _____     ___   _____     _     ___   _____   ___   ___  
 |_   _| | __| / __| |_   _|   / __| |_   _|   /_\   | _ \ |_   _| | __| |   \ 
   | |   | _|  \__ \   | |     \__ \   | |    / _ \  |   /   | |   | _|  | |) |
   |_|   |___| |___/   |_|     |___/   |_|   /_/ \_\ |_|_\   |_|   |___| |___/ 

GET - As a admin I want to see all course(as-admin-i-want-to-see-all-course;get---as-a-admin-i-want-to-see-all-course)
--------------------------------------------------------------------------------
14:45:53.213 [main] DEBUG net.thucydides.core.steps.StepInterceptor -- STARTING STEP: UserSteps.userSetEndpointForGetCourse - user set endpoint for get course
14:45:53.213 [main] DEBUG net.thucydides.core.steps.StepInterceptor -- STEP DONE: user set endpoint for get course
  &amp#27;[32mGiven &amp#27;[0m&amp#27;[32muser set endpoint for get course&amp#27;[0m            &amp#27;[90m# starter.stepdefinitions.UserSteps.userSetEndpointForGetCourse()&amp#27;[0m
14:45:53.215 [main] DEBUG net.thucydides.core.steps.StepInterceptor -- STARTING STEP: UserSteps.loginAsAdminToGetToken - login as admin to get token
14:45:53.224 [main] DEBUG org.apache.http.impl.conn.BasicClientConnectionManager -- Get connection for route {s}->https://skfw.net:443
14:45:53.224 [main] DEBUG org.apache.http.impl.conn.DefaultClientConnectionOperator -- Connecting to skfw.net:443
14:45:53.261 [main] DEBUG org.apache.http.client.protocol.RequestAddCookies -- CookieSpec selected: ignoreCookies
14:45:53.261 [main] DEBUG org.apache.http.client.protocol.RequestAuthCache -- Auth cache not set in the context
14:45:53.261 [main] DEBUG org.apache.http.client.protocol.RequestTargetAuthentication -- Target auth state: UNCHALLENGED
14:45:53.261 [main] DEBUG org.apache.http.client.protocol.RequestProxyAuthentication -- Proxy auth state: UNCHALLENGED
14:45:53.261 [main] DEBUG org.apache.http.impl.client.DefaultHttpClient -- Attempt 1 to execute request
14:45:53.261 [main] DEBUG org.apache.http.impl.conn.DefaultClientConnection -- Sending request: POST /api/v1/users/login HTTP/1.1
14:45:53.261 [main] DEBUG org.apache.http.wire --  >> "POST /api/v1/users/login HTTP/1.1[\r][\n]"
14:45:53.261 [main] DEBUG org.apache.http.wire --  >> "Accept: */*[\r][\n]"
14:45:53.261 [main] DEBUG org.apache.http.wire --  >> "Content-Type: application/json[\r][\n]"
14:45:53.261 [main] DEBUG org.apache.http.wire --  >> "Content-Length: 64[\r][\n]"
14:45:53.262 [main] DEBUG org.apache.http.wire --  >> "Host: skfw.net[\r][\n]"
14:45:53.262 [main] DEBUG org.apache.http.wire --  >> "Connection: Keep-Alive[\r][\n]"
14:45:53.262 [main] DEBUG org.apache.http.wire --  >> "User-Agent: Apache-HttpClient/4.5.13 (Java/11.0.15)[\r][\n]"
14:45:53.262 [main] DEBUG org.apache.http.wire --  >> "Accept-Encoding: gzip,deflate[\r][\n]"
14:45:53.262 [main] DEBUG org.apache.http.wire --  >> "[\r][\n]"
14:45:53.262 [main] DEBUG org.apache.http.headers -- >> POST /api/v1/users/login HTTP/1.1
14:45:53.262 [main] DEBUG org.apache.http.headers -- >> Accept: */*
14:45:53.262 [main] DEBUG org.apache.http.headers -- >> Content-Type: application/json
14:45:53.262 [main] DEBUG org.apache.http.headers -- >> Content-Length: 64
14:45:53.262 [main] DEBUG org.apache.http.headers -- >> Host: skfw.net
14:45:53.262 [main] DEBUG org.apache.http.headers -- >> Connection: Keep-Alive
14:45:53.262 [main] DEBUG org.apache.http.headers -- >> User-Agent: Apache-HttpClient/4.5.13 (Java/11.0.15)
14:45:53.262 [main] DEBUG org.apache.http.headers -- >> Accept-Encoding: gzip,deflate
14:45:53.262 [main] DEBUG org.apache.http.wire --  >> "{"password":"Admin@1234","email":"admin@mail.co","username":"*"}"
14:45:53.351 [main] DEBUG org.apache.http.wire --  << "HTTP/1.1 201 Created[\r][\n]"
14:45:53.351 [main] DEBUG org.apache.http.wire --  << "Server: nginx/1.22.1 (Ubuntu)[\r][\n]"
14:45:53.351 [main] DEBUG org.apache.http.wire --  << "Date: Sat, 24 Jun 2023 07:45:53 GMT[\r][\n]"
14:45:53.351 [main] DEBUG org.apache.http.wire --  << "Content-Type: application/json[\r][\n]"
14:45:53.351 [main] DEBUG org.apache.http.wire --  << "Content-Length: 300[\r][\n]"
14:45:53.351 [main] DEBUG org.apache.http.wire --  << "Connection: keep-alive[\r][\n]"
14:45:53.351 [main] DEBUG org.apache.http.wire --  << "Strict-Transport-Security: max-age=31536000; includeSubdomains[\r][\n]"
14:45:53.351 [main] DEBUG org.apache.http.wire --  << "[\r][\n]"
14:45:53.351 [main] DEBUG org.apache.http.impl.conn.DefaultClientConnection -- Receiving response: HTTP/1.1 201 Created
14:45:53.351 [main] DEBUG org.apache.http.headers -- << HTTP/1.1 201 Created
14:45:53.351 [main] DEBUG org.apache.http.headers -- << Server: nginx/1.22.1 (Ubuntu)
14:45:53.351 [main] DEBUG org.apache.http.headers -- << Date: Sat, 24 Jun 2023 07:45:53 GMT
14:45:53.351 [main] DEBUG org.apache.http.headers -- << Content-Type: application/json
14:45:53.351 [main] DEBUG org.apache.http.headers -- << Content-Length: 300
14:45:53.351 [main] DEBUG org.apache.http.headers -- << Connection: keep-alive
14:45:53.351 [main] DEBUG org.apache.http.headers -- << Strict-Transport-Security: max-age=31536000; includeSubdomains
14:45:53.351 [main] DEBUG org.apache.http.impl.client.DefaultHttpClient -- Connection can be kept alive indefinitely
14:45:53.351 [main] DEBUG io.restassured.internal.RestAssuredHttpBuilder -- Parsing response as: application/json
14:45:53.351 [main] DEBUG io.restassured.internal.RestAssuredHttpBuilder -- Parsed data to instance of: class org.apache.http.conn.EofSensorInputStream
14:45:53.352 [main] DEBUG org.apache.http.wire --  << "{"id":2038127835,"logs":[],"status":"Unknown","message":"login successful","error":false,"data":{"token":"eyJhbGciOiJIUzI1NiIsInR5cCI6IkpXVCJ9.eyJleHAiOjE2ODc2NzkxNTMwMzUsImlhdCI6MTY4NzU5Mjc1MzEwNSwidWlkIjoiODY5NDc2YWY0Zjk4NDcyZGI3Zjk3YTljZmU1ZGE0NmYifQ.07StZBqqMN18tGPYRmRydVuoJfTXf3piE9k8RY03pMI"}}"
14:45:53.352 [main] DEBUG org.apache.http.impl.conn.BasicClientConnectionManager -- Releasing connection org.apache.http.impl.conn.ManagedClientConnectionImpl@3aa63b53
14:45:53.352 [main] DEBUG org.apache.http.impl.conn.BasicClientConnectionManager -- Connection can be kept alive indefinitely
14:45:53.360 [main] DEBUG net.thucydides.core.steps.StepInterceptor -- STEP DONE: login as admin to get token
  &amp#27;[32mAnd &amp#27;[0m&amp#27;[32mlogin as admin to get token&amp#27;[0m                   &amp#27;[90m# starter.stepdefinitions.UserSteps.loginAsAdminToGetToken()&amp#27;[0m
14:45:53.361 [main] DEBUG net.thucydides.core.steps.StepInterceptor -- STARTING STEP: UserSteps.userSendGETHTTPRequest - user send GET HTTP request
14:45:53.362 [main] DEBUG net.thucydides.core.steps.StepInterceptor -- STARTING STEP: ManageCourse.userSendGETHTTPRequest - user set endpoint for get course
[...]
14:45:54.984 [main] DEBUG org.apache.http.impl.conn.BasicClientConnectionManager -- Connection can be kept alive indefinitely
14:45:54.984 [main] DEBUG net.thucydides.core.steps.StepInterceptor -- STEP DONE: user send create account with a short password
  &amp#27;[32mWhen &amp#27;[0m&amp#27;[32muser send create account with a short password&amp#27;[0m      &amp#27;[90m# starter.stepdefinitions.UserSteps.userSendCreateAccountWithAShortPassword()&amp#27;[0m
14:45:54.987 [main] DEBUG net.thucydides.core.steps.StepInterceptor -- STARTING STEP: UserSteps.userSeeStatusCode400AfterSendRegister - user see status code 400 after send register
14:45:54.987 [main] DEBUG net.thucydides.core.steps.StepInterceptor -- STEP DONE: user see status code 400 after send register
  &amp#27;[32mThen &amp#27;[0m&amp#27;[32muser see status code 400 after send register&amp#27;[0m        &amp#27;[90m# starter.stepdefinitions.UserSteps.userSeeStatusCode400AfterSendRegister()&amp#27;[0m
14:45:54.989 [main] DEBUG net.thucydides.core.steps.StepInterceptor -- STARTING STEP: UserSteps.getErrorMessage - get error message {string}
14:45:54.990 [main] DEBUG net.thucydides.core.steps.StepInterceptor -- STEP DONE: get error message {string}
  &amp#27;[32mAnd &amp#27;[0m&amp#27;[32mget error message &amp#27;[0m&amp#27;[32m&amp#27;[1m"password is too short"&amp#27;[0m            &amp#27;[90m# starter.stepdefinitions.UserSteps.getErrorMessage(java.lang.String)&amp#27;[0m
14:45:54.991 [main] INFO  -- 
  _____   ___   ___   _____     ___     _     ___   ___   ___   ___  
 |_   _| | __| / __| |_   _|   | _ \   /_\   / __| / __| | __| |   \ 
   | |   | _|  \__ \   | |     |  _/  / _ \  \__ \ \__ \ | _|  | |) |
   |_|   |___| |___/   |_|     |_|   /_/ \_\ |___/ |___/ |___| |___/ 

POST - Register an account with a short password
----------------------------------------------------------------------
]]></system-out>
  </testcase>
  <testcase name="POST - Register an account with a password that does not contain special characters" classname="As user i want to create account So that i can login and see home page" time="0.083">
    <system-out><![CDATA[
@Register
Scenario: POST - Register an account with a password that does not contain special characters &amp#27;[90m# src/test/resources/features/register.feature:22&amp#27;[0m
14:45:54.993 [main] DEBUG io.cucumber.core.plugin.SerenityReporter -- Running feature from file:///D:/GITHUB/qe-automation/capstone-api/src/test/resources/features/register.feature
14:45:54.994 [main] INFO  -- 
  _____   ___   ___   _____     ___   _____     _     ___   _____   ___   ___  
 |_   _| | __| / __| |_   _|   / __| |_   _|   /_\   | _ \ |_   _| | __| |   \ 
   | |   | _|  \__ \   | |     \__ \   | |    / _ \  |   /   | |   | _|  | |) |
   |_|   |___| |___/   |_|     |___/   |_|   /_/ \_\ |_|_\   |_|   |___| |___/ 

POST - Register an account with a password that does not contain special characters(as-user-i-want-to-create-account-so-that-i-can-login-and-see-home-page;post---register-an-account-with-a-password-that-does-not-contain-special-characters)
--------------------------------------------------------------------------------
14:45:55.002 [main] DEBUG net.thucydides.core.steps.StepInterceptor -- STARTING STEP: UserSteps.userSetEndpointForRegister - user set endpoint for register
14:45:55.002 [main] DEBUG net.thucydides.core.steps.StepInterceptor -- STEP DONE: user set endpoint for register
  &amp#27;[32mGiven &amp#27;[0m&amp#27;[32muser set endpoint for register&amp#27;[0m                                                        &amp#27;[90m# starter.stepdefinitions.UserSteps.userSetEndpointForRegister()&amp#27;[0m
14:45:55.003 [main] DEBUG net.thucydides.core.steps.StepInterceptor -- STARTING STEP: UserSteps.userSendCreateAccountWithAPasswordThatDoesNotContainSpecialCharacters - user send create account with a password that does not contain special characters
14:45:55.004 [main] DEBUG net.thucydides.core.steps.StepInterceptor -- STARTING STEP: Authentication_Register.userSendCreateAccountWithAPasswordThatDoesNotContainSpecialCharacters - user set endpoint for register
14:45:55.004 [main] DEBUG net.thucydides.core.steps.StepInterceptor -- STEP DONE: user set endpoint for register
14:45:55.010 [main] DEBUG org.apache.http.impl.conn.BasicClientConnectionManager -- Get connection for route {s}->https://skfw.net:443
14:45:55.010 [main] DEBUG org.apache.http.impl.conn.DefaultClientConnectionOperator -- Connecting to skfw.net:443
14:45:55.048 [main] DEBUG org.apache.http.client.protocol.RequestAddCookies -- CookieSpec selected: ignoreCookies
14:45:55.048 [main] DEBUG org.apache.http.client.protocol.RequestAuthCache -- Auth cache not set in the context
14:45:55.048 [main] DEBUG org.apache.http.client.protocol.RequestTargetAuthentication -- Target auth state: UNCHALLENGED
14:45:55.048 [main] DEBUG org.apache.http.client.protocol.RequestProxyAuthentication -- Proxy auth state: UNCHALLENGED
14:45:55.048 [main] DEBUG org.apache.http.impl.client.DefaultHttpClient -- Attempt 1 to execute request
14:45:55.048 [main] DEBUG org.apache.http.impl.conn.DefaultClientConnection -- Sending request: POST /api/v1/users/signup HTTP/1.1
14:45:55.048 [main] DEBUG org.apache.http.wire --  >> "POST /api/v1/users/signup HTTP/1.1[\r][\n]"
14:45:55.048 [main] DEBUG org.apache.http.wire --  >> "Accept: */*[\r][\n]"
14:45:55.048 [main] DEBUG org.apache.http.wire --  >> "Content-Type: application/json[\r][\n]"
14:45:55.048 [main] DEBUG org.apache.http.wire --  >> "Content-Length: 89[\r][\n]"
14:45:55.048 [main] DEBUG org.apache.http.wire --  >> "Host: skfw.net[\r][\n]"
14:45:55.048 [main] DEBUG org.apache.http.wire --  >> "Connection: Keep-Alive[\r][\n]"
14:45:55.048 [main] DEBUG org.apache.http.wire --  >> "User-Agent: Apache-HttpClient/4.5.13 (Java/11.0.15)[\r][\n]"
14:45:55.048 [main] DEBUG org.apache.http.wire --  >> "Accept-Encoding: gzip,deflate[\r][\n]"
14:45:55.048 [main] DEBUG org.apache.http.wire --  >> "[\r][\n]"
14:45:55.048 [main] DEBUG org.apache.http.headers -- >> POST /api/v1/users/signup HTTP/1.1
14:45:55.048 [main] DEBUG org.apache.http.headers -- >> Accept: */*
14:45:55.048 [main] DEBUG org.apache.http.headers -- >> Content-Type: application/json
14:45:55.048 [main] DEBUG org.apache.http.headers -- >> Content-Length: 89
14:45:55.048 [main] DEBUG org.apache.http.headers -- >> Host: skfw.net
14:45:55.048 [main] DEBUG org.apache.http.headers -- >> Connection: Keep-Alive
14:45:55.048 [main] DEBUG org.apache.http.headers -- >> User-Agent: Apache-HttpClient/4.5.13 (Java/11.0.15)
14:45:55.048 [main] DEBUG org.apache.http.headers -- >> Accept-Encoding: gzip,deflate
14:45:55.048 [main] DEBUG org.apache.http.wire --  >> "{"password":"userrrrrrrrrr","name":"testqa","email":"testqa@mail.co","username":"testqa"}"
14:45:55.066 [main] DEBUG org.apache.http.wire --  << "HTTP/1.1 400 Bad Request[\r][\n]"
14:45:55.066 [main] DEBUG org.apache.http.wire --  << "Server: nginx/1.22.1 (Ubuntu)[\r][\n]"
14:45:55.066 [main] DEBUG org.apache.http.wire --  << "Date: Sat, 24 Jun 2023 07:45:54 GMT[\r][\n]"
14:45:55.066 [main] DEBUG org.apache.http.wire --  << "Content-Type: application/json[\r][\n]"
14:45:55.066 [main] DEBUG org.apache.http.wire --  << "Content-Length: 129[\r][\n]"
14:45:55.066 [main] DEBUG org.apache.http.wire --  << "Connection: keep-alive[\r][\n]"
14:45:55.066 [main] DEBUG org.apache.http.wire --  << "[\r][\n]"
14:45:55.066 [main] DEBUG org.apache.http.impl.conn.DefaultClientConnection -- Receiving response: HTTP/1.1 400 Bad Request
14:45:55.066 [main] DEBUG org.apache.http.headers -- << HTTP/1.1 400 Bad Request
14:45:55.066 [main] DEBUG org.apache.http.headers -- << Server: nginx/1.22.1 (Ubuntu)
14:45:55.066 [main] DEBUG org.apache.http.headers -- << Date: Sat, 24 Jun 2023 07:45:54 GMT
14:45:55.066 [main] DEBUG org.apache.http.headers -- << Content-Type: application/json
14:45:55.066 [main] DEBUG org.apache.http.headers -- << Content-Length: 129
14:45:55.066 [main] DEBUG org.apache.http.headers -- << Connection: keep-alive
14:45:55.066 [main] DEBUG org.apache.http.impl.client.DefaultHttpClient -- Connection can be kept alive indefinitely
14:45:55.066 [main] DEBUG io.restassured.internal.RestAssuredHttpBuilder -- Parsing response as: application/json
14:45:55.066 [main] DEBUG io.restassured.internal.RestAssuredHttpBuilder -- Parsed data to instance of: class org.apache.http.conn.EofSensorInputStream
14:45:55.067 [main] DEBUG org.apache.http.wire --  << "{"id":1438601197,"logs":[],"status":"Unknown","message":"password does not contain a special character","error":true,"data":null}"
14:45:55.067 [main] DEBUG org.apache.http.impl.conn.BasicClientConnectionManager -- Releasing connection org.apache.http.impl.conn.ManagedClientConnectionImpl@498f1f63
14:45:55.067 [main] DEBUG org.apache.http.impl.conn.BasicClientConnectionManager -- Connection can be kept alive indefinitely
14:45:55.067 [main] DEBUG net.thucydides.core.steps.StepInterceptor -- STEP DONE: user send create account with a password that does not contain special characters
  &amp#27;[32mWhen &amp#27;[0m&amp#27;[32muser send create account with a password that does not contain special characters&amp#27;[0m      &amp#27;[90m# starter.stepdefinitions.UserSteps.userSendCreateAccountWithAPasswordThatDoesNotContainSpecialCharacters()&amp#27;[0m
14:45:55.069 [main] DEBUG net.thucydides.core.steps.StepInterceptor -- STARTING STEP: UserSteps.userSeeStatusCode400AfterSendRegister - user see status code 400 after send register
14:45:55.069 [main] DEBUG net.thucydides.core.steps.StepInterceptor -- STEP DONE: user see status code 400 after send register
  &amp#27;[32mThen &amp#27;[0m&amp#27;[32muser see status code 400 after send register&amp#27;[0m                                           &amp#27;[90m# starter.stepdefinitions.UserSteps.userSeeStatusCode400AfterSendRegister()&amp#27;[0m
14:45:55.071 [main] DEBUG net.thucydides.core.steps.StepInterceptor -- STARTING STEP: UserSteps.getErrorMessage - get error message {string}
14:45:55.072 [main] DEBUG net.thucydides.core.steps.StepInterceptor -- STEP DONE: get error message {string}
  &amp#27;[32mAnd &amp#27;[0m&amp#27;[32mget error message &amp#27;[0m&amp#27;[32m&amp#27;[1m"password does not contain a special character"&amp#27;[0m                       &amp#27;[90m# starter.stepdefinitions.UserSteps.getErrorMessage(java.lang.String)&amp#27;[0m
14:45:55.073 [main] INFO  -- 
  _____   ___   ___   _____     ___     _     ___   ___   ___   ___  
 |_   _| | __| / __| |_   _|   | _ \   /_\   / __| / __| | __| |   \ 
   | |   | _|  \__ \   | |     |  _/  / _ \  \__ \ \__ \ | _|  | |) |
   |_|   |___| |___/   |_|     |_|   /_/ \_\ |___/ |___/ |___| |___/ 

POST - Register an account with a password that does not contain special characters
----------------------------------------------------------------------
]]></system-out>
  </testcase>
  <testcase name="POST - Register an account with a password that does not contain number character" classname="As user i want to create account So that i can login and see home page" time="0.083">
    <system-out><![CDATA[
@Register
Scenario: POST - Register an account with a password that does not contain number character &amp#27;[90m# src/test/resources/features/register.feature:28&amp#27;[0m
14:45:55.076 [main] DEBUG io.cucumber.core.plugin.SerenityReporter -- Running feature from file:///D:/GITHUB/qe-automation/capstone-api/src/test/resources/features/register.feature
14:45:55.077 [main] INFO  -- 
  _____   ___   ___   _____     ___   _____     _     ___   _____   ___   ___  
 |_   _| | __| / __| |_   _|   / __| |_   _|   /_\   | _ \ |_   _| | __| |   \ 
   | |   | _|  \__ \   | |     \__ \   | |    / _ \  |   /   | |   | _|  | |) |
   |_|   |___| |___/   |_|     |___/   |_|   /_/ \_\ |_|_\   |_|   |___| |___/ 

POST - Register an account with a password that does not contain number character(as-user-i-want-to-create-account-so-that-i-can-login-and-see-home-page;post---register-an-account-with-a-password-that-does-not-contain-number-character)
--------------------------------------------------------------------------------
14:45:55.085 [main] DEBUG net.thucydides.core.steps.StepInterceptor -- STARTING STEP: UserSteps.userSetEndpointForRegister - user set endpoint for register
14:45:55.085 [main] DEBUG net.thucydides.core.steps.StepInterceptor -- STEP DONE: user set endpoint for register
  &amp#27;[32mGiven &amp#27;[0m&amp#27;[32muser set endpoint for register&amp#27;[0m                                                      &amp#27;[90m# starter.stepdefinitions.UserSteps.userSetEndpointForRegister()&amp#27;[0m
14:45:55.087 [main] DEBUG net.thucydides.core.steps.StepInterceptor -- STARTING STEP: UserSteps.userSendCreateAccountWithWithAPasswordThatDoesNotContainNumberCharacter - user send create account with with a password that does not contain number character
14:45:55.088 [main] DEBUG net.thucydides.core.steps.StepInterceptor -- STARTING STEP: Authentication_Register.userSendCreateAccountWithWithAPasswordThatDoesNotContainNumberCharacter - user set endpoint for register
14:45:55.088 [main] DEBUG net.thucydides.core.steps.StepInterceptor -- STEP DONE: user set endpoint for register
14:45:55.094 [main] DEBUG org.apache.http.impl.conn.BasicClientConnectionManager -- Get connection for route {s}->https://skfw.net:443
14:45:55.095 [main] DEBUG org.apache.http.impl.conn.DefaultClientConnectionOperator -- Connecting to skfw.net:443
14:45:55.131 [main] DEBUG org.apache.http.client.protocol.RequestAddCookies -- CookieSpec selected: ignoreCookies
14:45:55.132 [main] DEBUG org.apache.http.client.protocol.RequestAuthCache -- Auth cache not set in the context
14:45:55.132 [main] DEBUG org.apache.http.client.protocol.RequestTargetAuthentication -- Target auth state: UNCHALLENGED
14:45:55.132 [main] DEBUG org.apache.http.client.protocol.RequestProxyAuthentication -- Proxy auth state: UNCHALLENGED
14:45:55.132 [main] DEBUG org.apache.http.impl.client.DefaultHttpClient -- Attempt 1 to execute request
14:45:55.132 [main] DEBUG org.apache.http.impl.conn.DefaultClientConnection -- Sending request: POST /api/v1/users/signup HTTP/1.1
14:45:55.132 [main] DEBUG org.apache.http.wire --  >> "POST /api/v1/users/signup HTTP/1.1[\r][\n]"
14:45:55.132 [main] DEBUG org.apache.http.wire --  >> "Accept: */*[\r][\n]"
14:45:55.132 [main] DEBUG org.apache.http.wire --  >> "Content-Type: application/json[\r][\n]"
14:45:55.132 [main] DEBUG org.apache.http.wire --  >> "Content-Length: 89[\r][\n]"
14:45:55.132 [main] DEBUG org.apache.http.wire --  >> "Host: skfw.net[\r][\n]"
14:45:55.132 [main] DEBUG org.apache.http.wire --  >> "Connection: Keep-Alive[\r][\n]"
14:45:55.132 [main] DEBUG org.apache.http.wire --  >> "User-Agent: Apache-HttpClient/4.5.13 (Java/11.0.15)[\r][\n]"
14:45:55.132 [main] DEBUG org.apache.http.wire --  >> "Accept-Encoding: gzip,deflate[\r][\n]"
14:45:55.132 [main] DEBUG org.apache.http.wire --  >> "[\r][\n]"
14:45:55.132 [main] DEBUG org.apache.http.headers -- >> POST /api/v1/users/signup HTTP/1.1
14:45:55.132 [main] DEBUG org.apache.http.headers -- >> Accept: */*
14:45:55.132 [main] DEBUG org.apache.http.headers -- >> Content-Type: application/json
14:45:55.132 [main] DEBUG org.apache.http.headers -- >> Content-Length: 89
14:45:55.132 [main] DEBUG org.apache.http.headers -- >> Host: skfw.net
14:45:55.132 [main] DEBUG org.apache.http.headers -- >> Connection: Keep-Alive
14:45:55.132 [main] DEBUG org.apache.http.headers -- >> User-Agent: Apache-HttpClient/4.5.13 (Java/11.0.15)
14:45:55.132 [main] DEBUG org.apache.http.headers -- >> Accept-Encoding: gzip,deflate
14:45:55.132 [main] DEBUG org.apache.http.wire --  >> "{"password":"Userrrrrrr!@#","name":"testqa","email":"testqa@mail.co","username":"testqa"}"
14:45:55.148 [main] DEBUG org.apache.http.wire --  << "HTTP/1.1 400 Bad Request[\r][\n]"
14:45:55.149 [main] DEBUG org.apache.http.wire --  << "Server: nginx/1.22.1 (Ubuntu)[\r][\n]"
14:45:55.149 [main] DEBUG org.apache.http.wire --  << "Date: Sat, 24 Jun 2023 07:45:54 GMT[\r][\n]"
14:45:55.149 [main] DEBUG org.apache.http.wire --  << "Content-Type: application/json[\r][\n]"
14:45:55.149 [main] DEBUG org.apache.http.wire --  << "Content-Length: 128[\r][\n]"
14:45:55.149 [main] DEBUG org.apache.http.wire --  << "Connection: keep-alive[\r][\n]"
14:45:55.149 [main] DEBUG org.apache.http.wire --  << "[\r][\n]"
14:45:55.149 [main] DEBUG org.apache.http.impl.conn.DefaultClientConnection -- Receiving response: HTTP/1.1 400 Bad Request
14:45:55.149 [main] DEBUG org.apache.http.headers -- << HTTP/1.1 400 Bad Request
14:45:55.149 [main] DEBUG org.apache.http.headers -- << Server: nginx/1.22.1 (Ubuntu)
14:45:55.149 [main] DEBUG org.apache.http.headers -- << Date: Sat, 24 Jun 2023 07:45:54 GMT
14:45:55.149 [main] DEBUG org.apache.http.headers -- << Content-Type: application/json
14:45:55.149 [main] DEBUG org.apache.http.headers -- << Content-Length: 128
14:45:55.149 [main] DEBUG org.apache.http.headers -- << Connection: keep-alive
14:45:55.149 [main] DEBUG org.apache.http.impl.client.DefaultHttpClient -- Connection can be kept alive indefinitely
14:45:55.149 [main] DEBUG io.restassured.internal.RestAssuredHttpBuilder -- Parsing response as: application/json
14:45:55.149 [main] DEBUG io.restassured.internal.RestAssuredHttpBuilder -- Parsed data to instance of: class org.apache.http.conn.EofSensorInputStream
14:45:55.150 [main] DEBUG org.apache.http.wire --  << "{"id":1130650511,"logs":[],"status":"Unknown","message":"password does not contain a number character","error":true,"data":null}"
14:45:55.150 [main] DEBUG org.apache.http.impl.conn.BasicClientConnectionManager -- Releasing connection org.apache.http.impl.conn.ManagedClientConnectionImpl@27caa186
14:45:55.150 [main] DEBUG org.apache.http.impl.conn.BasicClientConnectionManager -- Connection can be kept alive indefinitely
14:45:55.150 [main] DEBUG net.thucydides.core.steps.StepInterceptor -- STEP DONE: user send create account with with a password that does not contain number character
  &amp#27;[32mWhen &amp#27;[0m&amp#27;[32muser send create account with with a password that does not contain number character&amp#27;[0m &amp#27;[90m# starter.stepdefinitions.UserSteps.userSendCreateAccountWithWithAPasswordThatDoesNotContainNumberCharacter()&amp#27;[0m
14:45:55.153 [main] DEBUG net.thucydides.core.steps.StepInterceptor -- STARTING STEP: UserSteps.userSeeStatusCode400AfterSendRegister - user see status code 400 after send register
14:45:55.154 [main] DEBUG net.thucydides.core.steps.StepInterceptor -- STEP DONE: user see status code 400 after send register
  &amp#27;[32mThen &amp#27;[0m&amp#27;[32muser see status code 400 after send register&amp#27;[0m                                         &amp#27;[90m# starter.stepdefinitions.UserSteps.userSeeStatusCode400AfterSendRegister()&amp#27;[0m
14:45:55.155 [main] DEBUG net.thucydides.core.steps.StepInterceptor -- STARTING STEP: UserSteps.getErrorMessage - get error message {string}
14:45:55.156 [main] DEBUG net.thucydides.core.steps.StepInterceptor -- STEP DONE: get error message {string}
  &amp#27;[32mAnd &amp#27;[0m&amp#27;[32mget error message &amp#27;[0m&amp#27;[32m&amp#27;[1m"password does not contain a number character"&amp#27;[0m                      &amp#27;[90m# starter.stepdefinitions.UserSteps.getErrorMessage(java.lang.String)&amp#27;[0m
14:45:55.157 [main] INFO  -- 
  _____   ___   ___   _____     ___     _     ___   ___   ___   ___  
 |_   _| | __| / __| |_   _|   | _ \   /_\   / __| / __| | __| |   \ 
   | |   | _|  \__ \   | |     |  _/  / _ \  \__ \ \__ \ | _|  | |) |
   |_|   |___| |___/   |_|     |_|   /_/ \_\ |___/ |___/ |___| |___/ 

POST - Register an account with a password that does not contain number character
----------------------------------------------------------------------
]]></system-out>
  </testcase>
</testsuite>