<?xml version="1.0" encoding="UTF-8"?>
<testsuite xmlns:xsi="http://www.w3.org/2001/XMLSchema-instance" xsi:noNamespaceSchemaLocation="https://maven.apache.org/surefire/maven-failsafe-plugin/xsd/failsafe-test-report-3.0.xsd" version="3.0" name="starter.CucumberTestSuite" time="7.721" tests="2" errors="0" skipped="0" failures="0">
  <properties>
[...]
</properties>
  <testcase name="GET - As a admin I want to see all course" classname="As admin I want to see all course" time="3.588">
    <system-out><![CDATA[10:47:44.809 [main] DEBUG net.thucydides.core.guice.Injectors -- Created injector for module net.thucydides.core.guice.ThucydidesModule
10:47:45.046 [main] DEBUG io.cucumber.core.plugin.SerenityReporter -- Running feature from file:///C:/Users/Admin/IdeaProjects/capstone-api/src/test/resources/features/ManageCustomersWhoEnrolled.feature
10:47:45.155 [main] DEBUG net.thucydides.core.guice.Injectors -- Created injector for module net.thucydides.core.guice.webdriver.WebDriverModule
10:47:45.166 [main] INFO  -- 

-------------------------------------------------------------------------------------
     _______. _______ .______       _______ .__   __.  __  .___________.____    ____ 
    /       ||   ____||   _  \     |   ____||  \ |  | |  | |           |\   \  /   / 
   |   (----`|  |__   |  |_)  |    |  |__   |   \|  | |  | `---|  |----` \   \/   /  
    \   \    |   __|  |      /     |   __|  |  . `  | |  |     |  |       \_    _/   
.----)   |   |  |____ |  |\  \----.|  |____ |  |\   | |  |     |  |         |  |     
|_______/    |_______|| _| `._____||_______||__| \__| |__|     |__|         |__|    
                                                                                     
 News and tutorials at http://www.serenity-bdd.info                                  
 Documentation at https://wakaleo.gitbooks.io/the-serenity-book/content/             
 Join the Serenity Community on Gitter: https://gitter.im/serenity-bdd/serenity-core 
 Serenity BDD Support and Training at http://serenity-bdd.info/#/trainingandsupport  
-------------------------------------------------------------------------------------

10:47:45.169 [main] DEBUG net.thucydides.core.steps.StepEventBus -- Test suite started for story net.thucydides.core.model.Story@4f0b73e5
10:47:45.170 [main] INFO  -- Test Suite Started: As admin I want to see all customers who enrolled in the course
10:47:45.180 [main] DEBUG io.cucumber.core.plugin.SerenityReporter -- Running feature from file:///C:/Users/Admin/IdeaProjects/capstone-api/src/test/resources/features/login.feature
10:47:45.189 [main] DEBUG net.thucydides.core.steps.StepEventBus -- Test suite started for story net.thucydides.core.model.Story@ffb08b88
10:47:45.189 [main] INFO  -- Test Suite Started: As user I want to login
10:47:45.189 [main] DEBUG io.cucumber.core.plugin.SerenityReporter -- Running feature from file:///C:/Users/Admin/IdeaProjects/capstone-api/src/test/resources/features/managecourse.feature
10:47:45.198 [main] DEBUG net.thucydides.core.steps.StepEventBus -- Test suite started for story net.thucydides.core.model.Story@cfba58f5
10:47:45.198 [main] INFO  -- Test Suite Started: As admin I want to see all course
10:47:45.199 [main] DEBUG io.cucumber.core.plugin.SerenityReporter -- Running feature from file:///C:/Users/Admin/IdeaProjects/capstone-api/src/test/resources/features/register.feature
10:47:45.202 [main] DEBUG net.thucydides.core.steps.StepEventBus -- Test suite started for story net.thucydides.core.model.Story@c1050949
10:47:45.202 [main] INFO  -- Test Suite Started: As user i want to create account So that i can login and see home page
10:47:45.203 [main] DEBUG io.cucumber.core.plugin.SerenityReporter -- Running feature from file:///C:/Users/Admin/IdeaProjects/capstone-api/src/test/resources/features/managecourse.feature
10:47:45.205 [main] DEBUG net.thucydides.core.steps.StepEventBus -- Test suite started for story net.thucydides.core.model.Story@cfba58f5
10:47:45.205 [main] INFO  -- Test Suite Started: As admin I want to see all course

@ManageCourse
Scenario: GET - As a admin I want to see all course &amp#27;[90m# src/test/resources/features/managecourse.feature:4&amp#27;[0m
10:47:45.272 [main] DEBUG io.cucumber.core.plugin.SerenityReporter -- Running feature from file:///C:/Users/Admin/IdeaProjects/capstone-api/src/test/resources/features/managecourse.feature
10:47:45.375 [main] INFO  -- 
  _____   ___   ___   _____     ___   _____     _     ___   _____   ___   ___  
 |_   _| | __| / __| |_   _|   / __| |_   _|   /_\   | _ \ |_   _| | __| |   \ 
   | |   | _|  \__ \   | |     \__ \   | |    / _ \  |   /   | |   | _|  | |) |
   |_|   |___| |___/   |_|     |___/   |_|   /_/ \_\ |_|_\   |_|   |___| |___/ 

GET - As a admin I want to see all course(as-admin-i-want-to-see-all-course;get---as-a-admin-i-want-to-see-all-course)
--------------------------------------------------------------------------------
10:47:45.430 [main] DEBUG net.thucydides.core.requirements.model.cucumber.CucumberParser -- Loading feature C:\Users\Admin\IdeaProjects\capstone-api\src\test\resources\features\login.feature
10:47:45.450 [main] DEBUG net.thucydides.core.requirements.model.cucumber.CucumberParser -- Loading feature C:\Users\Admin\IdeaProjects\capstone-api\src\test\resources\features\managecourse.feature
10:47:45.457 [main] DEBUG net.thucydides.core.requirements.model.cucumber.CucumberParser -- Loading feature C:\Users\Admin\IdeaProjects\capstone-api\src\test\resources\features\ManageCustomersWhoEnrolled.feature
10:47:45.462 [main] DEBUG net.thucydides.core.requirements.model.cucumber.CucumberParser -- Loading feature C:\Users\Admin\IdeaProjects\capstone-api\src\test\resources\features\register.feature
10:47:45.824 [main] DEBUG net.thucydides.core.steps.StepInterceptor -- STARTING STEP: UserSteps.userSetEndpointForGetCourse - user set endpoint for get course
10:47:45.825 [main] DEBUG net.thucydides.core.steps.StepInterceptor -- STEP DONE: user set endpoint for get course
  &amp#27;[32mGiven &amp#27;[0m&amp#27;[32muser set endpoint for get course&amp#27;[0m            &amp#27;[90m# starter.stepdefinitions.UserSteps.userSetEndpointForGetCourse()&amp#27;[0m
10:47:45.834 [main] DEBUG net.thucydides.core.steps.StepInterceptor -- STARTING STEP: UserSteps.loginAsAdminToGetToken - login as admin to get token
10:47:47.823 [main] DEBUG org.apache.http.impl.conn.BasicClientConnectionManager -- Get connection for route {s}->https://skfw.net:443
10:47:47.835 [main] DEBUG org.apache.http.impl.conn.DefaultClientConnectionOperator -- Connecting to skfw.net:443
10:47:47.998 [main] DEBUG org.apache.http.client.protocol.RequestAddCookies -- CookieSpec selected: ignoreCookies
10:47:47.999 [main] DEBUG org.apache.http.client.protocol.RequestAuthCache -- Auth cache not set in the context
10:47:47.999 [main] DEBUG org.apache.http.client.protocol.RequestTargetAuthentication -- Target auth state: UNCHALLENGED
10:47:48.000 [main] DEBUG org.apache.http.client.protocol.RequestProxyAuthentication -- Proxy auth state: UNCHALLENGED
10:47:48.000 [main] DEBUG org.apache.http.impl.client.DefaultHttpClient -- Attempt 1 to execute request
10:47:48.000 [main] DEBUG org.apache.http.impl.conn.DefaultClientConnection -- Sending request: POST /api/v1/users/login HTTP/1.1
10:47:48.000 [main] DEBUG org.apache.http.wire --  >> "POST /api/v1/users/login HTTP/1.1[\r][\n]"
10:47:48.001 [main] DEBUG org.apache.http.wire --  >> "Accept: */*[\r][\n]"
10:47:48.001 [main] DEBUG org.apache.http.wire --  >> "Content-Type: application/json[\r][\n]"
10:47:48.001 [main] DEBUG org.apache.http.wire --  >> "Content-Length: 64[\r][\n]"
10:47:48.001 [main] DEBUG org.apache.http.wire --  >> "Host: skfw.net[\r][\n]"
10:47:48.001 [main] DEBUG org.apache.http.wire --  >> "Connection: Keep-Alive[\r][\n]"
10:47:48.001 [main] DEBUG org.apache.http.wire --  >> "User-Agent: Apache-HttpClient/4.5.13 (Java/19.0.2)[\r][\n]"
10:47:48.001 [main] DEBUG org.apache.http.wire --  >> "Accept-Encoding: gzip,deflate[\r][\n]"
10:47:48.001 [main] DEBUG org.apache.http.wire --  >> "[\r][\n]"
10:47:48.001 [main] DEBUG org.apache.http.headers -- >> POST /api/v1/users/login HTTP/1.1
10:47:48.001 [main] DEBUG org.apache.http.headers -- >> Accept: */*
10:47:48.001 [main] DEBUG org.apache.http.headers -- >> Content-Type: application/json
10:47:48.001 [main] DEBUG org.apache.http.headers -- >> Content-Length: 64
10:47:48.001 [main] DEBUG org.apache.http.headers -- >> Host: skfw.net
10:47:48.001 [main] DEBUG org.apache.http.headers -- >> Connection: Keep-Alive
10:47:48.001 [main] DEBUG org.apache.http.headers -- >> User-Agent: Apache-HttpClient/4.5.13 (Java/19.0.2)
10:47:48.001 [main] DEBUG org.apache.http.headers -- >> Accept-Encoding: gzip,deflate
10:47:48.001 [main] DEBUG org.apache.http.wire --  >> "{"password":"Admin@1234","email":"admin@mail.co","username":"*"}"
10:47:48.105 [main] DEBUG org.apache.http.wire --  << "HTTP/1.1 201 Created[\r][\n]"
10:47:48.106 [main] DEBUG org.apache.http.wire --  << "Server: nginx/1.22.1 (Ubuntu)[\r][\n]"
10:47:48.106 [main] DEBUG org.apache.http.wire --  << "Date: Mon, 12 Jun 2023 03:48:47 GMT[\r][\n]"
10:47:48.106 [main] DEBUG org.apache.http.wire --  << "Content-Type: application/json[\r][\n]"
10:47:48.107 [main] DEBUG org.apache.http.wire --  << "Content-Length: 300[\r][\n]"
10:47:48.107 [main] DEBUG org.apache.http.wire --  << "Connection: keep-alive[\r][\n]"
10:47:48.107 [main] DEBUG org.apache.http.wire --  << "Strict-Transport-Security: max-age=31536000; includeSubdomains[\r][\n]"
10:47:48.107 [main] DEBUG org.apache.http.wire --  << "[\r][\n]"
10:47:48.107 [main] DEBUG org.apache.http.impl.conn.DefaultClientConnection -- Receiving response: HTTP/1.1 201 Created
10:47:48.107 [main] DEBUG org.apache.http.headers -- << HTTP/1.1 201 Created
10:47:48.107 [main] DEBUG org.apache.http.headers -- << Server: nginx/1.22.1 (Ubuntu)
10:47:48.107 [main] DEBUG org.apache.http.headers -- << Date: Mon, 12 Jun 2023 03:48:47 GMT
10:47:48.107 [main] DEBUG org.apache.http.headers -- << Content-Type: application/json
10:47:48.107 [main] DEBUG org.apache.http.headers -- << Content-Length: 300
10:47:48.107 [main] DEBUG org.apache.http.headers -- << Connection: keep-alive
10:47:48.107 [main] DEBUG org.apache.http.headers -- << Strict-Transport-Security: max-age=31536000; includeSubdomains
10:47:48.109 [main] DEBUG org.apache.http.impl.client.DefaultHttpClient -- Connection can be kept alive indefinitely
10:47:48.112 [main] DEBUG io.restassured.internal.RestAssuredHttpBuilder -- Parsing response as: application/json
10:47:48.112 [main] DEBUG io.restassured.internal.RestAssuredHttpBuilder -- Parsed data to instance of: class org.apache.http.conn.EofSensorInputStream
10:47:48.141 [main] DEBUG org.apache.http.wire --  << "{"id":1274714313,"logs":[],"status":"Unknown","message":"login successful","error":false,"data":{"token":"eyJhbGciOiJIUzI1NiIsInR5cCI6IkpXVCJ9.eyJleHAiOjE2ODY2MjgxMjc1ODQsImlhdCI6MTY4NjU0MTcyNzY2MywidWlkIjoiODY5NDc2YWY0Zjk4NDcyZGI3Zjk3YTljZmU1ZGE0NmYifQ.p180gRtWdXaPSmSFbSNQ-J5MircDQouAdn7ci-dpHnU"}}"
10:47:48.141 [main] DEBUG org.apache.http.impl.conn.BasicClientConnectionManager -- Releasing connection org.apache.http.impl.conn.ManagedClientConnectionImpl@32caae19
10:47:48.141 [main] DEBUG org.apache.http.impl.conn.BasicClientConnectionManager -- Connection can be kept alive indefinitely
10:47:48.532 [main] DEBUG net.thucydides.core.steps.StepInterceptor -- STEP DONE: login as admin to get token
  &amp#27;[32mAnd &amp#27;[0m&amp#27;[32mlogin as admin to get token&amp#27;[0m                   &amp#27;[90m# starter.stepdefinitions.UserSteps.loginAsAdminToGetToken()&amp#27;[0m
10:47:48.541 [main] DEBUG net.thucydides.core.steps.StepInterceptor -- STARTING STEP: UserSteps.userSendGETHTTPRequest - user send GET HTTP request
10:47:48.544 [main] DEBUG net.thucydides.core.steps.StepInterceptor -- STARTING STEP: ManageCourse.userSendGETHTTPRequest - user set endpoint for get course
10:47:48.545 [main] DEBUG net.thucydides.core.steps.StepInterceptor -- STEP DONE: user set endpoint for get course
10:47:48.619 [main] DEBUG org.apache.http.impl.conn.BasicClientConnectionManager -- Get connection for route {s}->https://skfw.net:443
10:47:48.619 [main] DEBUG org.apache.http.impl.conn.DefaultClientConnectionOperator -- Connecting to skfw.net:443
10:47:48.674 [main] DEBUG org.apache.http.client.protocol.RequestAddCookies -- CookieSpec selected: ignoreCookies
10:47:48.675 [main] DEBUG org.apache.http.client.protocol.RequestAuthCache -- Auth cache not set in the context
10:47:48.675 [main] DEBUG org.apache.http.client.protocol.RequestProxyAuthentication -- Proxy auth state: UNCHALLENGED
10:47:48.675 [main] DEBUG org.apache.http.impl.client.DefaultHttpClient -- Attempt 1 to execute request
10:47:48.675 [main] DEBUG org.apache.http.impl.conn.DefaultClientConnection -- Sending request: GET /api/v1/admin/courses?size=10&page=1&sort=desc HTTP/1.1
10:47:48.675 [main] DEBUG org.apache.http.wire --  >> "GET /api/v1/admin/courses?size=10&page=1&sort=desc HTTP/1.1[\r][\n]"
10:47:48.676 [main] DEBUG org.apache.http.wire --  >> "Authorization: Bearer eyJhbGciOiJIUzI1NiIsInR5cCI6IkpXVCJ9.eyJleHAiOjE2ODY2MjgxMjc1ODQsImlhdCI6MTY4NjU0MTcyNzY2MywidWlkIjoiODY5NDc2YWY0Zjk4NDcyZGI3Zjk3YTljZmU1ZGE0NmYifQ.p180gRtWdXaPSmSFbSNQ-J5MircDQouAdn7ci-dpHnU[\r][\n]"
10:47:48.676 [main] DEBUG org.apache.http.wire --  >> "Accept: */*[\r][\n]"
10:47:48.676 [main] DEBUG org.apache.http.wire --  >> "Host: skfw.net[\r][\n]"
10:47:48.677 [main] DEBUG org.apache.http.wire --  >> "Connection: Keep-Alive[\r][\n]"
10:47:48.677 [main] DEBUG org.apache.http.wire --  >> "User-Agent: Apache-HttpClient/4.5.13 (Java/19.0.2)[\r][\n]"
10:47:48.677 [main] DEBUG org.apache.http.wire --  >> "Accept-Encoding: gzip,deflate[\r][\n]"
10:47:48.677 [main] DEBUG org.apache.http.wire --  >> "[\r][\n]"
10:47:48.677 [main] DEBUG org.apache.http.headers -- >> GET /api/v1/admin/courses?size=10&page=1&sort=desc HTTP/1.1
10:47:48.677 [main] DEBUG org.apache.http.headers -- >> Authorization: Bearer eyJhbGciOiJIUzI1NiIsInR5cCI6IkpXVCJ9.eyJleHAiOjE2ODY2MjgxMjc1ODQsImlhdCI6MTY4NjU0MTcyNzY2MywidWlkIjoiODY5NDc2YWY0Zjk4NDcyZGI3Zjk3YTljZmU1ZGE0NmYifQ.p180gRtWdXaPSmSFbSNQ-J5MircDQouAdn7ci-dpHnU
10:47:48.677 [main] DEBUG org.apache.http.headers -- >> Accept: */*
10:47:48.677 [main] DEBUG org.apache.http.headers -- >> Host: skfw.net
10:47:48.677 [main] DEBUG org.apache.http.headers -- >> Connection: Keep-Alive
10:47:48.677 [main] DEBUG org.apache.http.headers -- >> User-Agent: Apache-HttpClient/4.5.13 (Java/19.0.2)
10:47:48.677 [main] DEBUG org.apache.http.headers -- >> Accept-Encoding: gzip,deflate
10:47:48.703 [main] DEBUG org.apache.http.wire --  << "HTTP/1.1 200 OK[\r][\n]"
10:47:48.704 [main] DEBUG org.apache.http.wire --  << "Server: nginx/1.22.1 (Ubuntu)[\r][\n]"
10:47:48.704 [main] DEBUG org.apache.http.wire --  << "Date: Mon, 12 Jun 2023 03:48:48 GMT[\r][\n]"
10:47:48.704 [main] DEBUG org.apache.http.wire --  << "Content-Type: application/json[\r][\n]"
10:47:48.704 [main] DEBUG org.apache.http.wire --  << "Content-Length: 10822[\r][\n]"
10:47:48.704 [main] DEBUG org.apache.http.wire --  << "Connection: keep-alive[\r][\n]"
10:47:48.704 [main] DEBUG org.apache.http.wire --  << "Strict-Transport-Security: max-age=31536000; includeSubdomains[\r][\n]"
10:47:48.704 [main] DEBUG org.apache.http.wire --  << "[\r][\n]"
10:47:48.704 [main] DEBUG org.apache.http.impl.conn.DefaultClientConnection -- Receiving response: HTTP/1.1 200 OK
10:47:48.704 [main] DEBUG org.apache.http.headers -- << HTTP/1.1 200 OK
10:47:48.704 [main] DEBUG org.apache.http.headers -- << Server: nginx/1.22.1 (Ubuntu)
10:47:48.704 [main] DEBUG org.apache.http.headers -- << Date: Mon, 12 Jun 2023 03:48:48 GMT
10:47:48.704 [main] DEBUG org.apache.http.headers -- << Content-Type: application/json
10:47:48.704 [main] DEBUG org.apache.http.headers -- << Content-Length: 10822
10:47:48.704 [main] DEBUG org.apache.http.headers -- << Connection: keep-alive
10:47:48.704 [main] DEBUG org.apache.http.headers -- << Strict-Transport-Security: max-age=31536000; includeSubdomains
10:47:48.704 [main] DEBUG org.apache.http.impl.client.DefaultHttpClient -- Connection can be kept alive indefinitely
10:47:48.704 [main] DEBUG io.restassured.internal.RestAssuredHttpBuilder -- Parsing response as: application/json
10:47:48.704 [main] DEBUG io.restassured.internal.RestAssuredHttpBuilder -- Parsed data to instance of: class org.apache.http.conn.EofSensorInputStream
10:47:48.706 [main] DEBUG org.apache.http.wire --  << "{"id":1756582082,"logs":[],"status":"OK","message":"catch full course","error":false,"data":[{"category_courses":null,"checkout":[{"id":"5cba58c40a97405eb9f16c130404ec71","created_at":"2023-06-07T17:58:31.94446Z","updated_at":"2023-06-07T18:43:23.729271Z","deleted_at":null,"user_id":"aeb70126ba5e45548f8cfec6acb862b8","course_id":"92544e1de084407c8c0764747b8a891e","payment_method":"nop","verify":true},{"id":"8713d0617abb4d4d9f94c75fc7eec575","created_at":"2023-06-06T14:49:11.052584Z","updated_at":"2023-06-07T18:39:10.9053Z","deleted_at":null,"user_id":"699e70b18e024cc6a7129bc55d2d0425","course_id":"92544e1de084407c8c0764747b8a891e","payment_method":"nop","verify":true}],"create_by":{"image":"","name":"","username":"admin"},"created_at":"2023-06-05T12:01:27.99855Z","description":"test qe","document":"","finished":0,"id":"92544e1de084407c8c0764747b8a891e","level":"test qe","member_count":2,"modules":[],"name":"test qe","price":1500,"rating":0,"thumbnail":"","update_at":"2023-06-07T17:58:36.180043Z","video":""},{"category_courses":null,"checkout":[{"id":"c4d06126e9b5476b8d6c9b4288576f1f","created_at":"2023-05-22T12:07:37.680278Z","updated_at":"2023-05-22T12:07:37.680278Z","deleted_at":null,"user_id":"0169faf6d8e44d1a89244712d4002bfb","course_id":"25b593e322744df291b4440966431612","payment_method":"","verify":false},{"id":"d8c4942924354745881e498d8c07d46b","created_at":"2023-06-07T18:41:45.834198Z","updated_at":"2023-06-07T18:41:50.702787Z","deleted_at":null,"user_id":"f06ff5ba27e84625aa629561e03e5d0c","course_id":"25b593e322744df291b4440966431612","payment_method":"nop","verify":true},{"id":"1ee93920deae4575bb807751f070a27e","created_at":"2023-06-07T17:59:21.319716Z","updated_at":"2023-06-07T18:43:23.729271Z","deleted_at":null,"user_id":"aeb70126ba5e45548f8cfec6acb862b8","course_id":"25b593e322744df291b4440966431612","payment_method":"nop","verify":true},{"id":"3bb4ead5f5a04fa8a7f253a643e3abd6","created_at":"2023-06-06T14:38:31.743344Z","updated_at":"2023-06-06T14:38:35.571108Z","deleted_at":null,"user_id":"a7ee88c00ab5428e959d4784cf5567a3","course_id":"25b593e322744df291b4440966431612","payment_method":"nop","verify":true},{"id":"ca3234e54a3447808695aad2199e6dea","created_at":"2023-06-06T14:40:53.188382Z","updated_at":"2023-06-07T18:39:10.9053Z","deleted_at":null,"user_id":"699e70b18e024cc6a7129bc55d2d0425","course_id":"25b593e322744df291b4440966431612","payment_method":"nop","verify":true}],"create_by":{"image":"","name":"","username":"admin"},"created_at":"2023-05-22T12:05:37.828015Z","description":"test","document":"","finished":0,"id":"25b593e322744df291b4440966431612","level":"1","member_count":4,"modules":[],"name":"test","price":123,"rating":1,"thumbnail":"","update_at":"2023-06-07T18:41:50.704668Z","video":""},{"category_courses":null,"checkout":[{"id":"97c11647b3c64671b00bdd1f1976ba60","created_at":"2023-06-07T18:40:53.42645Z","updated_at":"2023-06-07T18:41:50.702787Z","deleted_at":null,"user_id":"f06ff5ba27e84625aa629561e03e5d0c","course_id":"7387b011ca4e4062a1a1540704d518d3","payment_method":"nop","verify":true},{"id":"ccdd70b0869c404a81b82dfd42f21eb4","created_at":"2023-06-07T18:28:47.047758Z","updated_at":"2023-06-07T18:43:23.729271Z","deleted_at":null,"user_id":"aeb70126ba5e45548f8cfec6acb862b8","course_id":"7387b011ca4e4062a1a1540704d518d3","payment_method":"nop","verify":true},{"id":"e726b78342aa4d22a32984383d91cd63","created_at":"2023-06-06T14:50:12.549659Z","updated_at":"2023-06-07T18:39:10.9053Z","deleted_at":null,"user_id":"699e70b18e024cc6a7129bc55d2d0425","course_id":"7387b011ca4e4062a1a1540704d518d3","payment_method":"nop","verify":true}],"create_by":{"image":"","name":"","username":"admin"},"created_at":"2023-06-05T12:01:01.838183Z","description":"about life, no care, no love","document":"","finished":0,"id":"7387b011ca4e4062a1a1540704d518d3","level":"beginer","member_count":3,"modules":[],"name":"life second","price":500,"rating":0,"thumbnail":"https://skfw.net/api/v1/public/image/799fc49.course.thumb.png","update_at":"2023-06-09T09:29:05.699484Z","video":""},{"category_courses":null,"checkout":[{"id":"48a2bd3437dd4d2cbf1d7936c43fe90d","created_at":"2023-06-07T18:00:03.384697Z","updated_at":"2023-06-07T18:43:23.729271Z","deleted_at":null,"user_id":"aeb70126ba5e45548f8cfec6acb862b8","course_id":"496e2aab72fb4a47849c2f7452c62146","payment_method":"nop","verify":true},{"id":"11270802fc9d431d929f9b387a521bde","created_at":"2023-06-02T14:38:46.752181Z","updated_at":"2023-06-06T14:38:35.571108Z","deleted_at":null,"user_id":"a7ee88c00ab5428e959d4784cf5567a3","course_id":"496e2aab72fb4a47849c2f7452c62146","payment_method":"nop","verify":true},{"id":"4a7324f2d2a34b0a84b09fc59c56684d","created_at":"2023-06-06T14:51:13.577183Z","updated_at":"2023-06-07T18:39:10.9053Z","deleted_at":null,"user_id":"699e70b18e024cc6a7129bc55d2d0425","course_id":"496e2aab72fb4a47849c2f7452c62146","payment_method":"nop","verify":true}],"create_by":{"image":"","name":"","username":"admin"},"created_at":"2023-06-02T14:11:31.669239Z","description":"Kelas UI design (User Interface design) adalah kelas yang bertujuan untuk mengajarkan kepada peserta bagaimana merancang tampilan antarmuka yang mudah digunakan dan menarik bagi pengguna. UI design merupakan bagian dari disiplin desain yang fokus pada aspek visual dan interaktif dari sebuah produk digital, seperti website, aplikasi, dan perangkat lunak.","document":"","finished":0,"id":"496e2aab72fb4a47849c2f7452c62146","level":"beginer","member_count":2,"modules":[],"name":"UI Design","price":300000,"rating":0,"thumbnail":"https://skfw.net/api/v1/public/image/c14c6a8.course.thumb.png","update_at":"2023-06-09T09:29:53.169358Z","video":""},{"category_courses":null,"checkout":[{"id":"8d0a78c10ee04f7a8984bbe3fa181d0d","created_at":"2023-06-02T14:41:31.042286Z","updated_at":"2023-06-02T15:01:10.554434Z","deleted_at":null,"user_id":"a6f0f3ffa7e74b1ba3db051c9974363e","course_id":"98faa25ee34a41519247ebbc2e556c58","payment_method":"","verify":true},{"id":"2e29394487d44602b2329b3bf853b533","created_at":"2023-06-07T17:59:36.367217Z","updated_at":"2023-06-07T18:43:23.729271Z","deleted_at":null,"user_id":"aeb70126ba5e45548f8cfec6acb862b8","course_id":"98faa25ee34a41519247ebbc2e556c58","payment_method":"nop","verify":true},{"id":"cd4ae6a0fcde45d2a654a12490ecacb8","created_at":"2023-06-06T07:55:50.710061Z","updated_at":"2023-06-06T14:38:35.571108Z","deleted_at":null,"user_id":"a7ee88c00ab5428e959d4784cf5567a3","course_id":"98faa25ee34a41519247ebbc2e556c58","payment_method":"nop","verify":true},{"id":"8ceaa8fdd6d94092945e46a19cd5a7e0","created_at":"2023-06-06T14:54:18.028766Z","updated_at":"2023-06-07T18:39:10.9053Z","deleted_at":null,"user_id":"699e70b18e024cc6a7129bc55d2d0425","course_id":"98faa25ee34a41519247ebbc2e556c58","payment_method":"nop","verify":true}],"create_by":{"image":"","name":"","username":"admin"},"created_at":"2023-06-02T12:54:49.834686Z","description":"Quality Assurance (QA) refers to the systematic processes, activities, and measures undertaken to ensure that a product or service meets or exceeds the specified requirements and expectations. It is a critical component of the overall quality management system within an organization.","document":"","finished":0,"id":"98faa25ee34a41519247ebbc2e556c58","level":"Intermediate","member_count":3,"modules":[{"created_at":"2023-06-02T13:03:52.698969Z","description":"Web application testing refers to the process of assessing and evaluating the functionality, usability, security, and performance of a web application. It involves testing the various components and features of a web application to ensure that it works as intended and meets the specified requirements.","document":"","id":"dd29a3aea12d45eb9ab5da5ac078d02e","name":"Web Application Testing","thumbnail":"","updated_at":"2023-06-11T04:28:15.917008Z","video":"https://www.youtube.com/watch?v=-5QcjRUIDGM"},{"created_at":"2023-06-02T13:04:47.033865Z","description":"Opening defects"
10:47:48.706 [main] DEBUG org.apache.http.wire --  << " in a test management tool refers to the process of logging and documenting identified issues or defects during the testing phase of a software project. Test management tools provide a centralized platform where testers can record and track defects encountered during testing, making it easier to manage and resolve them efficiently.","document":"","id":"4ee35416f8574fbf9f7b1ff4988cecee","name":"Opening Defects in Test Management Tool","thumbnail":"","updated_at":"2023-06-02T13:04:47.033865Z","video":""},{"created_at":"2023-06-02T13:05:17.082276Z","description":"Software testing is the process of evaluating a software application or system to assess its quality, functionality, and performance. It involves conducting various activities to identify defects, errors, or inconsistencies in the software and ensuring that it meets the specified requirements and expectations.","document":"","id":"ee81fe9badd441b882fad091853619ed","name":"Software Testing","thumbnail":"","updated_at":"2023-06-11T04:23:40.212107Z","video":"https://www.youtube.com/watch?v=_3OhZrad8RM"},{"created_at":"2023-06-02T13:06:00.817059Z","description":"Creating test cases is an integral part of the software testing process. Test cases are detailed and structured sets of inputs, conditions, and expected outcomes that are designed to verify the functionality, behavior, and performance of a software application.","document":"","id":"a5ed3c38b23945c8ad72c8e345f10f79","name":"Creating Test Cases","thumbnail":"","updated_at":"2023-06-11T04:21:45.858711Z","video":"https://www.youtube.com/watch?v=g0PrXoWKM2Y"},{"created_at":"2023-06-11T04:29:35.141266Z","description":"TESTING 1","document":"","id":"b32448537d6b4295ad8af2c16c74a7f1","name":"Test Case - 1","thumbnail":"","updated_at":"2023-06-11T04:29:35.141266Z","video":""},{"created_at":"2023-06-11T04:29:41.391889Z","description":"TESTING 2","document":"","id":"50c5895959374f529f8603baaf81a9bd","name":"Test Case - 2","thumbnail":"","updated_at":"2023-06-11T04:29:41.391889Z","video":""},{"created_at":"2023-06-11T04:29:43.955347Z","description":"TESTING 3","document":"","id":"1c5e688b01cf4bf08a916861f430b9f0","name":"Test Case - 3","thumbnail":"","updated_at":"2023-06-11T04:29:43.955347Z","video":""},{"created_at":"2023-06-11T04:29:48.664346Z","description":"TESTING 4","document":"","id":"efb353977fe04052b044f00f2f8d737f","name":"Test Case - 4","thumbnail":"","updated_at":"2023-06-11T04:29:48.664346Z","video":""},{"created_at":"2023-06-11T04:29:51.397645Z","description":"TESTING 5","document":"","id":"206b6e9dc62141a09832d9fce54ec480","name":"Test Case - 5","thumbnail":"","updated_at":"2023-06-11T04:29:51.397645Z","video":""}],"name":"Quality Assurance","price":200000,"rating":0,"thumbnail":"https://skfw.net/api/v1/public/image/62b5c3a.course.thumb.png","update_at":"2023-06-09T09:30:33.15151Z","video":""}]}"
10:47:48.706 [main] DEBUG org.apache.http.impl.conn.BasicClientConnectionManager -- Releasing connection org.apache.http.impl.conn.ManagedClientConnectionImpl@5ccc971e
10:47:48.706 [main] DEBUG org.apache.http.impl.conn.BasicClientConnectionManager -- Connection can be kept alive indefinitely
10:47:48.716 [main] DEBUG net.thucydides.core.steps.StepInterceptor -- STEP DONE: user send GET HTTP request
  &amp#27;[32mWhen &amp#27;[0m&amp#27;[32muser send GET HTTP request&amp#27;[0m                   &amp#27;[90m# starter.stepdefinitions.UserSteps.userSendGETHTTPRequest()&amp#27;[0m
10:47:48.720 [main] DEBUG net.thucydides.core.steps.StepInterceptor -- STARTING STEP: UserSteps.userSeeStatusCode200 - user see status code 200
10:47:48.739 [main] DEBUG net.thucydides.core.steps.StepInterceptor -- STEP DONE: user see status code 200
  &amp#27;[32mThen &amp#27;[0m&amp#27;[32muser see status code 200&amp#27;[0m                     &amp#27;[90m# starter.stepdefinitions.UserSteps.userSeeStatusCode200()&amp#27;[0m
10:47:48.743 [main] DEBUG net.thucydides.core.steps.StepInterceptor -- STARTING STEP: UserSteps.getAllCourseShowUp - get all course show up
10:47:48.786 [main] DEBUG net.thucydides.core.steps.StepInterceptor -- STEP DONE: get all course show up
  &amp#27;[32mAnd &amp#27;[0m&amp#27;[32mget all course show up&amp#27;[0m                        &amp#27;[90m# starter.stepdefinitions.UserSteps.getAllCourseShowUp()&amp#27;[0m
10:47:48.791 [main] INFO  -- 
  _____   ___   ___   _____     ___     _     ___   ___   ___   ___  
 |_   _| | __| / __| |_   _|   | _ \   /_\   / __| / __| | __| |   \ 
   | |   | _|  \__ \   | |     |  _/  / _ \  \__ \ \__ \ | _|  | |) |
   |_|   |___| |___/   |_|     |_|   /_/ \_\ |___/ |___/ |___| |___/ 

GET - As a admin I want to see all course
----------------------------------------------------------------------
]]></system-out>
  </testcase>
  <testcase name="GET - As a admin I want to see all course using normal user" classname="As admin I want to see all course" time="0.379">
    <system-out><![CDATA[
@ManageCourse
Scenario: GET - As a admin I want to see all course using normal user &amp#27;[90m# src/test/resources/features/managecourse.feature:11&amp#27;[0m
10:47:48.819 [main] DEBUG io.cucumber.core.plugin.SerenityReporter -- Running feature from file:///C:/Users/Admin/IdeaProjects/capstone-api/src/test/resources/features/managecourse.feature
10:47:48.823 [main] INFO  -- 
  _____   ___   ___   _____     ___   _____     _     ___   _____   ___   ___  
 |_   _| | __| / __| |_   _|   / __| |_   _|   /_\   | _ \ |_   _| | __| |   \ 
   | |   | _|  \__ \   | |     \__ \   | |    / _ \  |   /   | |   | _|  | |) |
   |_|   |___| |___/   |_|     |___/   |_|   /_/ \_\ |_|_\   |_|   |___| |___/ 

GET - As a admin I want to see all course using normal user(as-admin-i-want-to-see-all-course;get---as-a-admin-i-want-to-see-all-course-using-normal-user)
--------------------------------------------------------------------------------
10:47:48.855 [main] DEBUG net.thucydides.core.steps.StepInterceptor -- STARTING STEP: UserSteps.userSetEndpointForGetCourse - user set endpoint for get course
10:47:48.855 [main] DEBUG net.thucydides.core.steps.StepInterceptor -- STEP DONE: user set endpoint for get course
  &amp#27;[32mGiven &amp#27;[0m&amp#27;[32muser set endpoint for get course&amp#27;[0m                              &amp#27;[90m# starter.stepdefinitions.UserSteps.userSetEndpointForGetCourse()&amp#27;[0m
10:47:48.859 [main] DEBUG net.thucydides.core.steps.StepInterceptor -- STARTING STEP: UserSteps.loginAsUserToGetToken - login as user to get token
10:47:48.902 [main] DEBUG org.apache.http.impl.conn.BasicClientConnectionManager -- Get connection for route {s}->https://skfw.net:443
10:47:48.902 [main] DEBUG org.apache.http.impl.conn.DefaultClientConnectionOperator -- Connecting to skfw.net:443
10:47:48.955 [main] DEBUG org.apache.http.client.protocol.RequestAddCookies -- CookieSpec selected: ignoreCookies
10:47:48.955 [main] DEBUG org.apache.http.client.protocol.RequestAuthCache -- Auth cache not set in the context
10:47:48.955 [main] DEBUG org.apache.http.client.protocol.RequestTargetAuthentication -- Target auth state: UNCHALLENGED
10:47:48.955 [main] DEBUG org.apache.http.client.protocol.RequestProxyAuthentication -- Proxy auth state: UNCHALLENGED
10:47:48.955 [main] DEBUG org.apache.http.impl.client.DefaultHttpClient -- Attempt 1 to execute request
10:47:48.956 [main] DEBUG org.apache.http.impl.conn.DefaultClientConnection -- Sending request: POST /api/v1/users/login HTTP/1.1
10:47:48.956 [main] DEBUG org.apache.http.wire --  >> "POST /api/v1/users/login HTTP/1.1[\r][\n]"
10:47:48.956 [main] DEBUG org.apache.http.wire --  >> "Accept: */*[\r][\n]"
10:47:48.956 [main] DEBUG org.apache.http.wire --  >> "Content-Type: application/json[\r][\n]"
10:47:48.956 [main] DEBUG org.apache.http.wire --  >> "Content-Length: 75[\r][\n]"
10:47:48.956 [main] DEBUG org.apache.http.wire --  >> "Host: skfw.net[\r][\n]"
10:47:48.956 [main] DEBUG org.apache.http.wire --  >> "Connection: Keep-Alive[\r][\n]"
10:47:48.956 [main] DEBUG org.apache.http.wire --  >> "User-Agent: Apache-HttpClient/4.5.13 (Java/19.0.2)[\r][\n]"
10:47:48.956 [main] DEBUG org.apache.http.wire --  >> "Accept-Encoding: gzip,deflate[\r][\n]"
10:47:48.956 [main] DEBUG org.apache.http.wire --  >> "[\r][\n]"
10:47:48.956 [main] DEBUG org.apache.http.headers -- >> POST /api/v1/users/login HTTP/1.1
10:47:48.956 [main] DEBUG org.apache.http.headers -- >> Accept: */*
10:47:48.956 [main] DEBUG org.apache.http.headers -- >> Content-Type: application/json
10:47:48.956 [main] DEBUG org.apache.http.headers -- >> Content-Length: 75
10:47:48.956 [main] DEBUG org.apache.http.headers -- >> Host: skfw.net
10:47:48.956 [main] DEBUG org.apache.http.headers -- >> Connection: Keep-Alive
10:47:48.956 [main] DEBUG org.apache.http.headers -- >> User-Agent: Apache-HttpClient/4.5.13 (Java/19.0.2)
10:47:48.956 [main] DEBUG org.apache.http.headers -- >> Accept-Encoding: gzip,deflate
10:47:48.956 [main] DEBUG org.apache.http.wire --  >> "{"password":"User@1234","email":"testforqa@mail.co","username":"testforqa"}"
10:47:49.056 [main] DEBUG org.apache.http.wire --  << "HTTP/1.1 201 Created[\r][\n]"
10:47:49.056 [main] DEBUG org.apache.http.wire --  << "Server: nginx/1.22.1 (Ubuntu)[\r][\n]"
10:47:49.056 [main] DEBUG org.apache.http.wire --  << "Date: Mon, 12 Jun 2023 03:48:48 GMT[\r][\n]"
10:47:49.056 [main] DEBUG org.apache.http.wire --  << "Content-Type: application/json[\r][\n]"
10:47:49.056 [main] DEBUG org.apache.http.wire --  << "Content-Length: 300[\r][\n]"
10:47:49.056 [main] DEBUG org.apache.http.wire --  << "Connection: keep-alive[\r][\n]"
10:47:49.056 [main] DEBUG org.apache.http.wire --  << "Strict-Transport-Security: max-age=31536000; includeSubdomains[\r][\n]"
10:47:49.056 [main] DEBUG org.apache.http.wire --  << "[\r][\n]"
10:47:49.056 [main] DEBUG org.apache.http.impl.conn.DefaultClientConnection -- Receiving response: HTTP/1.1 201 Created
10:47:49.056 [main] DEBUG org.apache.http.headers -- << HTTP/1.1 201 Created
10:47:49.056 [main] DEBUG org.apache.http.headers -- << Server: nginx/1.22.1 (Ubuntu)
10:47:49.056 [main] DEBUG org.apache.http.headers -- << Date: Mon, 12 Jun 2023 03:48:48 GMT
10:47:49.056 [main] DEBUG org.apache.http.headers -- << Content-Type: application/json
10:47:49.056 [main] DEBUG org.apache.http.headers -- << Content-Length: 300
10:47:49.056 [main] DEBUG org.apache.http.headers -- << Connection: keep-alive
10:47:49.056 [main] DEBUG org.apache.http.headers -- << Strict-Transport-Security: max-age=31536000; includeSubdomains
10:47:49.056 [main] DEBUG org.apache.http.impl.client.DefaultHttpClient -- Connection can be kept alive indefinitely
10:47:49.056 [main] DEBUG io.restassured.internal.RestAssuredHttpBuilder -- Parsing response as: application/json
10:47:49.056 [main] DEBUG io.restassured.internal.RestAssuredHttpBuilder -- Parsed data to instance of: class org.apache.http.conn.EofSensorInputStream
10:47:49.057 [main] DEBUG org.apache.http.wire --  << "{"id":1276976655,"logs":[],"status":"Unknown","message":"login successful","error":false,"data":{"token":"eyJhbGciOiJIUzI1NiIsInR5cCI6IkpXVCJ9.eyJleHAiOjE2ODY2MjgxMjg1NDAsImlhdCI6MTY4NjU0MTcyODYxMywidWlkIjoiMDNlZjVmOWRlMTRhNDdmZjg5YmVlODc3OGE5NWZlMDIifQ.mq1DhKKBHxY9c3Cri8CF3BxVh7uR-2LSAkQR9pWJY5Q"}}"
10:47:49.057 [main] DEBUG org.apache.http.impl.conn.BasicClientConnectionManager -- Releasing connection org.apache.http.impl.conn.ManagedClientConnectionImpl@7a522157
10:47:49.057 [main] DEBUG org.apache.http.impl.conn.BasicClientConnectionManager -- Connection can be kept alive indefinitely
10:47:49.067 [main] DEBUG net.thucydides.core.steps.StepInterceptor -- STEP DONE: login as user to get token
  &amp#27;[32mAnd &amp#27;[0m&amp#27;[32mlogin as user to get token&amp#27;[0m                                      &amp#27;[90m# starter.stepdefinitions.UserSteps.loginAsUserToGetToken()&amp#27;[0m
10:47:49.071 [main] DEBUG net.thucydides.core.steps.StepInterceptor -- STARTING STEP: UserSteps.userSendGETHTTPRequestUsingNormalToken - user send GET HTTP request using normal token
10:47:49.073 [main] DEBUG net.thucydides.core.steps.StepInterceptor -- STARTING STEP: ManageCourse.userSendGETHTTPRequestUsingNormalToken - user set endpoint for get course
10:47:49.073 [main] DEBUG net.thucydides.core.steps.StepInterceptor -- STEP DONE: user set endpoint for get course
10:47:49.087 [main] DEBUG org.apache.http.impl.conn.BasicClientConnectionManager -- Get connection for route {s}->https://skfw.net:443
10:47:49.087 [main] DEBUG org.apache.http.impl.conn.DefaultClientConnectionOperator -- Connecting to skfw.net:443
10:47:49.135 [main] DEBUG org.apache.http.client.protocol.RequestAddCookies -- CookieSpec selected: ignoreCookies
10:47:49.135 [main] DEBUG org.apache.http.client.protocol.RequestAuthCache -- Auth cache not set in the context
10:47:49.135 [main] DEBUG org.apache.http.client.protocol.RequestProxyAuthentication -- Proxy auth state: UNCHALLENGED
10:47:49.135 [main] DEBUG org.apache.http.impl.client.DefaultHttpClient -- Attempt 1 to execute request
10:47:49.135 [main] DEBUG org.apache.http.impl.conn.DefaultClientConnection -- Sending request: GET /api/v1/admin/courses?size=10&page=1&sort=desc HTTP/1.1
10:47:49.135 [main] DEBUG org.apache.http.wire --  >> "GET /api/v1/admin/courses?size=10&page=1&sort=desc HTTP/1.1[\r][\n]"
10:47:49.135 [main] DEBUG org.apache.http.wire --  >> "Authorization: Bearer eyJhbGciOiJIUzI1NiIsInR5cCI6IkpXVCJ9.eyJleHAiOjE2ODY2MjgxMjg1NDAsImlhdCI6MTY4NjU0MTcyODYxMywidWlkIjoiMDNlZjVmOWRlMTRhNDdmZjg5YmVlODc3OGE5NWZlMDIifQ.mq1DhKKBHxY9c3Cri8CF3BxVh7uR-2LSAkQR9pWJY5Q[\r][\n]"
10:47:49.136 [main] DEBUG org.apache.http.wire --  >> "Accept: */*[\r][\n]"
10:47:49.136 [main] DEBUG org.apache.http.wire --  >> "Host: skfw.net[\r][\n]"
10:47:49.136 [main] DEBUG org.apache.http.wire --  >> "Connection: Keep-Alive[\r][\n]"
10:47:49.136 [main] DEBUG org.apache.http.wire --  >> "User-Agent: Apache-HttpClient/4.5.13 (Java/19.0.2)[\r][\n]"
10:47:49.136 [main] DEBUG org.apache.http.wire --  >> "Accept-Encoding: gzip,deflate[\r][\n]"
10:47:49.136 [main] DEBUG org.apache.http.wire --  >> "[\r][\n]"
10:47:49.136 [main] DEBUG org.apache.http.headers -- >> GET /api/v1/admin/courses?size=10&page=1&sort=desc HTTP/1.1
10:47:49.136 [main] DEBUG org.apache.http.headers -- >> Authorization: Bearer eyJhbGciOiJIUzI1NiIsInR5cCI6IkpXVCJ9.eyJleHAiOjE2ODY2MjgxMjg1NDAsImlhdCI6MTY4NjU0MTcyODYxMywidWlkIjoiMDNlZjVmOWRlMTRhNDdmZjg5YmVlODc3OGE5NWZlMDIifQ.mq1DhKKBHxY9c3Cri8CF3BxVh7uR-2LSAkQR9pWJY5Q
10:47:49.136 [main] DEBUG org.apache.http.headers -- >> Accept: */*
10:47:49.136 [main] DEBUG org.apache.http.headers -- >> Host: skfw.net
10:47:49.136 [main] DEBUG org.apache.http.headers -- >> Connection: Keep-Alive
10:47:49.136 [main] DEBUG org.apache.http.headers -- >> User-Agent: Apache-HttpClient/4.5.13 (Java/19.0.2)
10:47:49.136 [main] DEBUG org.apache.http.headers -- >> Accept-Encoding: gzip,deflate
10:47:49.159 [main] DEBUG org.apache.http.wire --  << "HTTP/1.1 401 Unauthorized[\r][\n]"
10:47:49.159 [main] DEBUG org.apache.http.wire --  << "Server: nginx/1.22.1 (Ubuntu)[\r][\n]"
10:47:49.159 [main] DEBUG org.apache.http.wire --  << "Date: Mon, 12 Jun 2023 03:48:48 GMT[\r][\n]"
10:47:49.159 [main] DEBUG org.apache.http.wire --  << "Content-Type: application/json[\r][\n]"
10:47:49.159 [main] DEBUG org.apache.http.wire --  << "Content-Length: 103[\r][\n]"
10:47:49.159 [main] DEBUG org.apache.http.wire --  << "Connection: keep-alive[\r][\n]"
10:47:49.159 [main] DEBUG org.apache.http.wire --  << "[\r][\n]"
10:47:49.159 [main] DEBUG org.apache.http.impl.conn.DefaultClientConnection -- Receiving response: HTTP/1.1 401 Unauthorized
10:47:49.159 [main] DEBUG org.apache.http.headers -- << HTTP/1.1 401 Unauthorized
10:47:49.159 [main] DEBUG org.apache.http.headers -- << Server: nginx/1.22.1 (Ubuntu)
10:47:49.159 [main] DEBUG org.apache.http.headers -- << Date: Mon, 12 Jun 2023 03:48:48 GMT
10:47:49.159 [main] DEBUG org.apache.http.headers -- << Content-Type: application/json
10:47:49.159 [main] DEBUG org.apache.http.headers -- << Content-Length: 103
10:47:49.159 [main] DEBUG org.apache.http.headers -- << Connection: keep-alive
10:47:49.160 [main] DEBUG org.apache.http.impl.client.DefaultHttpClient -- Connection can be kept alive indefinitely
10:47:49.160 [main] DEBUG org.apache.http.impl.client.DefaultHttpClient -- Authentication required
10:47:49.160 [main] DEBUG org.apache.http.impl.client.DefaultHttpClient -- skfw.net:443 requested authentication
10:47:49.160 [main] DEBUG org.apache.http.impl.client.DefaultHttpClient -- Response contains no authentication challenges
10:47:49.160 [main] DEBUG io.restassured.internal.RestAssuredHttpBuilder -- Parsing response as: application/json
10:47:49.160 [main] DEBUG io.restassured.internal.RestAssuredHttpBuilder -- Parsed data to instance of: class org.apache.http.conn.EofSensorInputStream
10:47:49.161 [main] DEBUG org.apache.http.wire --  << "{"id":1403710631,"logs":[],"status":"Unauthorized","message":"Access Denied","error":false,"data":null}"
10:47:49.161 [main] DEBUG org.apache.http.impl.conn.BasicClientConnectionManager -- Releasing connection org.apache.http.impl.conn.ManagedClientConnectionImpl@5c34b0f2
10:47:49.161 [main] DEBUG org.apache.http.impl.conn.BasicClientConnectionManager -- Connection can be kept alive indefinitely
10:47:49.162 [main] DEBUG net.thucydides.core.steps.StepInterceptor -- STEP DONE: user send GET HTTP request using normal token
  &amp#27;[32mWhen &amp#27;[0m&amp#27;[32muser send GET HTTP request using normal token&amp#27;[0m                  &amp#27;[90m# starter.stepdefinitions.UserSteps.userSendGETHTTPRequestUsingNormalToken()&amp#27;[0m
10:47:49.169 [main] DEBUG net.thucydides.core.steps.StepInterceptor -- STARTING STEP: UserSteps.userSeeStatusCode401 - user see status code 401
10:47:49.171 [main] DEBUG net.thucydides.core.steps.StepInterceptor -- STEP DONE: user see status code 401
  &amp#27;[32mThen &amp#27;[0m&amp#27;[32muser see status code 401&amp#27;[0m                                       &amp#27;[90m# starter.stepdefinitions.UserSteps.userSeeStatusCode401()&amp#27;[0m
10:47:49.174 [main] INFO  -- 
  _____   ___   ___   _____     ___     _     ___   ___   ___   ___  
 |_   _| | __| / __| |_   _|   | _ \   /_\   / __| / __| | __| |   \ 
   | |   | _|  \__ \   | |     |  _/  / _ \  \__ \ \__ \ | _|  | |) |
   |_|   |___| |___/   |_|     |_|   /_/ \_\ |___/ |___/ |___| |___/ 

GET - As a admin I want to see all course using normal user
----------------------------------------------------------------------
]]></system-out>
  </testcase>
</testsuite>