<?xml version="1.0" encoding="UTF-8" standalone="no"?><testsuite errors="0" failures="0" name="As admin I want to see all course" skipped="0" tests="5" time="1.27" timestamp="2023-06-24 02:45:53"><testcase name="GET - As a admin I want to see all course"/><testcase name="GET - As a admin I want to see all course using normal user"/><testcase name="GET - As a admin I want to see specific course"/><testcase name="GET - As a admin I want to successful get who courses enrolled"/><testcase name="GET - As a admin I want to successful get course resumes"/></testsuite>